;  LST file generated by mikroListExporter - v.2.0 
; Date/Time: 19/08/2025 01:18:23
;----------------------------------------------

;Address Opcode 	ASM
0x0000	0x0205D1  	LJMP 1489
0x0003	0x020000  	LJMP 0
0x0006	0x00      	NOP
0x0007	0x00      	NOP
0x0008	0x00      	NOP
0x0009	0x00      	NOP
0x000A	0x00      	NOP
0x000B	0x020000  	LJMP 0
0x000E	0x00      	NOP
0x000F	0x00      	NOP
0x0010	0x00      	NOP
0x0011	0x00      	NOP
0x0012	0x00      	NOP
0x0013	0x020000  	LJMP 0
0x0016	0x00      	NOP
0x0017	0x00      	NOP
0x0018	0x00      	NOP
0x0019	0x00      	NOP
0x001A	0x00      	NOP
0x001B	0x020000  	LJMP 0
0x001E	0x00      	NOP
0x001F	0x00      	NOP
0x0020	0x00      	NOP
0x0021	0x00      	NOP
0x0022	0x00      	NOP
0x0023	0x020000  	LJMP 0
_Add_32x32_FP:
;__Lib_MathDouble.c,12 :: 		
;__Lib_MathDouble.c,14 :: 		
0x0026	0x8003    	SJMP __Add_32x32_FP_start
;__Lib_MathDouble.c,16 :: 		
__Add_32x32_FP_ripi_dugo:
;__Lib_MathDouble.c,17 :: 		
0x0028	0x02014D  	LJMP __Add_32x32_FP_res_beskonacno
;__Lib_MathDouble.c,19 :: 		
__Add_32x32_FP_start:
;__Lib_MathDouble.c,20 :: 		
0x002B	0xEE      	MOV A, R6
;__Lib_MathDouble.c,21 :: 		
0x002C	0x33      	RLC A
;__Lib_MathDouble.c,22 :: 		
0x002D	0xEF      	MOV A, R7
;__Lib_MathDouble.c,23 :: 		
0x002E	0x33      	RLC A
;__Lib_MathDouble.c,24 :: 		
0x002F	0x6011    	JZ __Add_32x32_FP_mant0
;__Lib_MathDouble.c,25 :: 		
0x0031	0x04      	INC A
;__Lib_MathDouble.c,26 :: 		
0x0032	0x60F4    	JZ __Add_32x32_FP_ripi_dugo
;__Lib_MathDouble.c,28 :: 		
0x0034	0xEA      	MOV A, R2
;__Lib_MathDouble.c,29 :: 		
0x0035	0x33      	RLC A
;__Lib_MathDouble.c,30 :: 		
0x0036	0xEB      	MOV A, R3
;__Lib_MathDouble.c,31 :: 		
0x0037	0x33      	RLC A
;__Lib_MathDouble.c,32 :: 		
0x0038	0x7009    	JNZ __Add_32x32_FP_mant_ne_0
;__Lib_MathDouble.c,34 :: 		
0x003A	0xEF      	MOV A, R7
;__Lib_MathDouble.c,35 :: 		
0x003B	0xFB      	MOV R3, A
;__Lib_MathDouble.c,36 :: 		
0x003C	0xEE      	MOV A, R6
;__Lib_MathDouble.c,37 :: 		
0x003D	0xFA      	MOV R2, A
;__Lib_MathDouble.c,38 :: 		
0x003E	0xED      	MOV A, R5
;__Lib_MathDouble.c,39 :: 		
0x003F	0xF9      	MOV R1, A
;__Lib_MathDouble.c,40 :: 		
0x0040	0xEC      	MOV A, R4
;__Lib_MathDouble.c,41 :: 		
0x0041	0xF8      	MOV R0, A
;__Lib_MathDouble.c,43 :: 		
__Add_32x32_FP_mant0:
;__Lib_MathDouble.c,44 :: 		
0x0042	0x22      	RET
;__Lib_MathDouble.c,46 :: 		
__Add_32x32_FP_mant_ne_0:
;__Lib_MathDouble.c,47 :: 		
0x0043	0x04      	INC A
;__Lib_MathDouble.c,48 :: 		
0x0044	0x60E2    	JZ __Add_32x32_FP_ripi_dugo
;__Lib_MathDouble.c,50 :: 		
0x0046	0xD3      	SETB C
;__Lib_MathDouble.c,51 :: 		
0x0047	0xEC      	MOV A, R4
;__Lib_MathDouble.c,52 :: 		
0x0048	0x98      	SUBB A, R0
;__Lib_MathDouble.c,53 :: 		
0x0049	0xED      	MOV A, R5
;__Lib_MathDouble.c,54 :: 		
0x004A	0x99      	SUBB A, R1
;__Lib_MathDouble.c,55 :: 		
0x004B	0xEE      	MOV A, R6
;__Lib_MathDouble.c,56 :: 		
0x004C	0x9A      	SUBB A, R2
;__Lib_MathDouble.c,57 :: 		
0x004D	0xEF      	MOV A, R7
;__Lib_MathDouble.c,58 :: 		
0x004E	0xC2E7    	CLR 231.B0
;__Lib_MathDouble.c,59 :: 		
0x0050	0x8BF0    	MOV B, R3
;__Lib_MathDouble.c,60 :: 		
0x0052	0xC2F7    	CLR 247.B0
;__Lib_MathDouble.c,61 :: 		
0x0054	0x95F0    	SUBB A, B
;__Lib_MathDouble.c,62 :: 		
0x0056	0x400C    	JC __Add_32x32_FP_l1
;__Lib_MathDouble.c,63 :: 		
0x0058	0xEF      	MOV A, R7
;__Lib_MathDouble.c,64 :: 		
0x0059	0xCB      	XCH A, R3
;__Lib_MathDouble.c,65 :: 		
0x005A	0xFF      	MOV R7, A
;__Lib_MathDouble.c,66 :: 		
0x005B	0xEE      	MOV A, R6
;__Lib_MathDouble.c,67 :: 		
0x005C	0xCA      	XCH A, R2
;__Lib_MathDouble.c,68 :: 		
0x005D	0xFE      	MOV R6, A
;__Lib_MathDouble.c,69 :: 		
0x005E	0xED      	MOV A, R5
;__Lib_MathDouble.c,70 :: 		
0x005F	0xC9      	XCH A, R1
;__Lib_MathDouble.c,71 :: 		
0x0060	0xFD      	MOV R5, A
;__Lib_MathDouble.c,72 :: 		
0x0061	0xEC      	MOV A, R4
;__Lib_MathDouble.c,73 :: 		
0x0062	0xC8      	XCH A, R0
;__Lib_MathDouble.c,74 :: 		
0x0063	0xFC      	MOV R4, A
;__Lib_MathDouble.c,76 :: 		
__Add_32x32_FP_l1:
;__Lib_MathDouble.c,77 :: 		
0x0064	0x120118  	LCALL __Add_32x32_FP_l2
;__Lib_MathDouble.c,80 :: 		
0x0067	0x85D0F0  	MOV B, PSW+0
;__Lib_MathDouble.c,81 :: 		
0x006A	0x5F      	ANL A, R7
;__Lib_MathDouble.c,82 :: 		
0x006B	0x04      	INC A
;__Lib_MathDouble.c,83 :: 		
0x006C	0x7003    	JNZ __Add_32x32_FP_l3
;__Lib_MathDouble.c,84 :: 		
0x006E	0x20D5B7  	JB F0_bit, __Add_32x32_FP_ripi_dugo
;__Lib_MathDouble.c,86 :: 		
__Add_32x32_FP_l3:
;__Lib_MathDouble.c,87 :: 		
0x0071	0xEF      	MOV A, R7
;__Lib_MathDouble.c,88 :: 		
0x0072	0x04      	INC A
;__Lib_MathDouble.c,89 :: 		
0x0073	0x7007    	JNZ __Add_32x32_FP_l5
;__Lib_MathDouble.c,90 :: 		
0x0075	0x5002    	JNC __Add_32x32_FP_l4
;__Lib_MathDouble.c,91 :: 		
0x0077	0xB2D5    	CPL F0_bit
;__Lib_MathDouble.c,93 :: 		
__Add_32x32_FP_l4:
;__Lib_MathDouble.c,94 :: 		
0x0079	0x020157  	LJMP __Add_32x32_FP_l6
;__Lib_MathDouble.c,96 :: 		
__Add_32x32_FP_l5:
;__Lib_MathDouble.c,97 :: 		
0x007C	0x92D5    	MOV F0_bit, C
;__Lib_MathDouble.c,98 :: 		
0x007E	0xEB      	MOV A, R3
;__Lib_MathDouble.c,99 :: 		
0x007F	0x04      	INC A
;__Lib_MathDouble.c,100 :: 		
0x0080	0x60F7    	JZ __Add_32x32_FP_l4
;__Lib_MathDouble.c,101 :: 		
0x0082	0xE4      	CLR A
;__Lib_MathDouble.c,102 :: 		
0x0083	0xCB      	XCH A, R3
;__Lib_MathDouble.c,103 :: 		
0x0084	0xC0E0    	PUSH ACC
;__Lib_MathDouble.c,104 :: 		
0x0086	0xC3      	CLR C
;__Lib_MathDouble.c,105 :: 		
0x0087	0x9F      	SUBB A, R7
;__Lib_MathDouble.c,106 :: 		
0x0088	0xFF      	MOV R7, A
;__Lib_MathDouble.c,107 :: 		
0x0089	0x603B    	JZ __Add_32x32_FP_l7
;__Lib_MathDouble.c,108 :: 		
0x008B	0x9418    	SUBB A, 24
;__Lib_MathDouble.c,109 :: 		
0x008D	0x6008    	JZ __Add_32x32_FP_l8
;__Lib_MathDouble.c,110 :: 		
0x008F	0x400D    	JC __Add_32x32_FP_l9
;__Lib_MathDouble.c,111 :: 		
0x0091	0xD0E0    	POP ACC
;__Lib_MathDouble.c,112 :: 		
0x0093	0xFC      	MOV R4, A
;__Lib_MathDouble.c,113 :: 		
0x0094	0x02012F  	LJMP __Add_32x32_FP_l10
;__Lib_MathDouble.c,115 :: 		
__Add_32x32_FP_l8:
;__Lib_MathDouble.c,116 :: 		
0x0097	0xE4      	CLR A
;__Lib_MathDouble.c,117 :: 		
0x0098	0xFC      	MOV R4, A
;__Lib_MathDouble.c,118 :: 		
0x0099	0xFD      	MOV R5, A
;__Lib_MathDouble.c,119 :: 		
0x009A	0xCE      	XCH A, R6
;__Lib_MathDouble.c,120 :: 		
0x009B	0xFB      	MOV R3, A
;__Lib_MathDouble.c,121 :: 		
0x009C	0x8028    	SJMP __Add_32x32_FP_l7
;__Lib_MathDouble.c,123 :: 		
__Add_32x32_FP_l9:
;__Lib_MathDouble.c,124 :: 		
0x009E	0xEF      	MOV A, R7
;__Lib_MathDouble.c,125 :: 		
0x009F	0x30E406  	JNB 228, __Add_32x32_FP_l11
;__Lib_MathDouble.c,126 :: 		
0x00A2	0xE4      	CLR A
;__Lib_MathDouble.c,127 :: 		
0x00A3	0xCE      	XCH A, R6
;__Lib_MathDouble.c,128 :: 		
0x00A4	0xFC      	MOV R4, A
;__Lib_MathDouble.c,129 :: 		
0x00A5	0xE4      	CLR A
;__Lib_MathDouble.c,130 :: 		
0x00A6	0xCD      	XCH A, R5
;__Lib_MathDouble.c,131 :: 		
0x00A7	0xFB      	MOV R3, A
;__Lib_MathDouble.c,133 :: 		
__Add_32x32_FP_l11:
;__Lib_MathDouble.c,134 :: 		
0x00A8	0xEF      	MOV A, R7
;__Lib_MathDouble.c,135 :: 		
0x00A9	0x30E305  	JNB 227, __Add_32x32_FP_l12
;__Lib_MathDouble.c,136 :: 		
0x00AC	0xE4      	CLR A
;__Lib_MathDouble.c,137 :: 		
0x00AD	0xCE      	XCH A, R6
;__Lib_MathDouble.c,138 :: 		
0x00AE	0xCD      	XCH A, R5
;__Lib_MathDouble.c,139 :: 		
0x00AF	0xCC      	XCH A, R4
;__Lib_MathDouble.c,140 :: 		
0x00B0	0xFB      	MOV R3, A
;__Lib_MathDouble.c,142 :: 		
__Add_32x32_FP_l12:
;__Lib_MathDouble.c,143 :: 		
0x00B1	0xEF      	MOV A, R7
;__Lib_MathDouble.c,144 :: 		
0x00B2	0x5407    	ANL A, 7
;__Lib_MathDouble.c,145 :: 		
0x00B4	0x6010    	JZ __Add_32x32_FP_l7
;__Lib_MathDouble.c,146 :: 		
0x00B6	0xFF      	MOV R7, A
;__Lib_MathDouble.c,148 :: 		
__Add_32x32_FP_l13:
;__Lib_MathDouble.c,149 :: 		
0x00B7	0xC3      	CLR C
;__Lib_MathDouble.c,150 :: 		
0x00B8	0xEE      	MOV A, R6
;__Lib_MathDouble.c,151 :: 		
0x00B9	0x13      	RRC A
;__Lib_MathDouble.c,152 :: 		
0x00BA	0xFE      	MOV R6, A
;__Lib_MathDouble.c,153 :: 		
0x00BB	0xED      	MOV A, R5
;__Lib_MathDouble.c,154 :: 		
0x00BC	0x13      	RRC A
;__Lib_MathDouble.c,155 :: 		
0x00BD	0xFD      	MOV R5, A
;__Lib_MathDouble.c,156 :: 		
0x00BE	0xEC      	MOV A, R4
;__Lib_MathDouble.c,157 :: 		
0x00BF	0x13      	RRC A
;__Lib_MathDouble.c,158 :: 		
0x00C0	0xFC      	MOV R4, A
;__Lib_MathDouble.c,159 :: 		
0x00C1	0xEB      	MOV A, R3
;__Lib_MathDouble.c,160 :: 		
0x00C2	0x13      	RRC A
;__Lib_MathDouble.c,161 :: 		
0x00C3	0xFB      	MOV R3, A
;__Lib_MathDouble.c,162 :: 		
0x00C4	0xDFF1    	DJNZ R7, __Add_32x32_FP_l13
;__Lib_MathDouble.c,164 :: 		
__Add_32x32_FP_l7:
;__Lib_MathDouble.c,165 :: 		
0x00C6	0x30F52D  	JNB 245, __Add_32x32_FP_l14
;__Lib_MathDouble.c,166 :: 		
0x00C9	0xC3      	CLR C
;__Lib_MathDouble.c,167 :: 		
0x00CA	0xE4      	CLR A
;__Lib_MathDouble.c,168 :: 		
0x00CB	0x9B      	SUBB A, R3
;__Lib_MathDouble.c,169 :: 		
0x00CC	0xFB      	MOV R3, A
;__Lib_MathDouble.c,170 :: 		
0x00CD	0xE8      	MOV A, R0
;__Lib_MathDouble.c,171 :: 		
0x00CE	0x9C      	SUBB A, R4
;__Lib_MathDouble.c,172 :: 		
0x00CF	0xF8      	MOV R0, A
;__Lib_MathDouble.c,173 :: 		
0x00D0	0xE9      	MOV A, R1
;__Lib_MathDouble.c,174 :: 		
0x00D1	0x9D      	SUBB A, R5
;__Lib_MathDouble.c,175 :: 		
0x00D2	0xF9      	MOV R1, A
;__Lib_MathDouble.c,176 :: 		
0x00D3	0xEA      	MOV A, R2
;__Lib_MathDouble.c,177 :: 		
0x00D4	0x9E      	SUBB A, R6
;__Lib_MathDouble.c,178 :: 		
0x00D5	0xFA      	MOV R2, A
;__Lib_MathDouble.c,179 :: 		
0x00D6	0xD0E0    	POP ACC
;__Lib_MathDouble.c,180 :: 		
0x00D8	0xFC      	MOV R4, A
;__Lib_MathDouble.c,181 :: 		
0x00D9	0xE8      	MOV A, R0
;__Lib_MathDouble.c,182 :: 		
0x00DA	0x49      	ORL A, R1
;__Lib_MathDouble.c,183 :: 		
0x00DB	0x4A      	ORL A, R2
;__Lib_MathDouble.c,184 :: 		
0x00DC	0x4B      	ORL A, R3
;__Lib_MathDouble.c,185 :: 		
0x00DD	0x7011    	JNZ __Add_32x32_FP_l15
;__Lib_MathDouble.c,186 :: 		
0x00DF	0x22      	RET
;__Lib_MathDouble.c,188 :: 		
__Add_32x32_FP_l18:
;__Lib_MathDouble.c,189 :: 		
0x00E0	0xDC02    	DJNZ R4, __Add_32x32_FP_l16
;__Lib_MathDouble.c,190 :: 		
0x00E2	0x8070    	SJMP __Add_32x32_FP_l17
;__Lib_MathDouble.c,192 :: 		
__Add_32x32_FP_l16:
;__Lib_MathDouble.c,193 :: 		
0x00E4	0xEB      	MOV A, R3
;__Lib_MathDouble.c,194 :: 		
0x00E5	0x2B      	ADD A, R3
;__Lib_MathDouble.c,195 :: 		
0x00E6	0xFB      	MOV R3, A
;__Lib_MathDouble.c,196 :: 		
0x00E7	0xE8      	MOV A, R0
;__Lib_MathDouble.c,197 :: 		
0x00E8	0x33      	RLC A
;__Lib_MathDouble.c,198 :: 		
0x00E9	0xF8      	MOV R0, A
;__Lib_MathDouble.c,199 :: 		
0x00EA	0xE9      	MOV A, R1
;__Lib_MathDouble.c,200 :: 		
0x00EB	0x33      	RLC A
;__Lib_MathDouble.c,201 :: 		
0x00EC	0xF9      	MOV R1, A
;__Lib_MathDouble.c,202 :: 		
0x00ED	0xEA      	MOV A, R2
;__Lib_MathDouble.c,203 :: 		
0x00EE	0x33      	RLC A
;__Lib_MathDouble.c,204 :: 		
0x00EF	0xFA      	MOV R2, A
;__Lib_MathDouble.c,206 :: 		
__Add_32x32_FP_l15:
;__Lib_MathDouble.c,207 :: 		
0x00F0	0xEA      	MOV A, R2
;__Lib_MathDouble.c,208 :: 		
0x00F1	0x30E7EC  	JNB 231, __Add_32x32_FP_l18
;__Lib_MathDouble.c,209 :: 		
0x00F4	0x8039    	SJMP __Add_32x32_FP_l10
;__Lib_MathDouble.c,211 :: 		
__Add_32x32_FP_l14:
;__Lib_MathDouble.c,212 :: 		
0x00F6	0xE8      	MOV A, R0
;__Lib_MathDouble.c,213 :: 		
0x00F7	0x2C      	ADD A, R4
;__Lib_MathDouble.c,214 :: 		
0x00F8	0xF8      	MOV R0, A
;__Lib_MathDouble.c,215 :: 		
0x00F9	0xE9      	MOV A, R1
;__Lib_MathDouble.c,216 :: 		
0x00FA	0x3D      	ADDC A, R5
;__Lib_MathDouble.c,217 :: 		
0x00FB	0xF9      	MOV R1, A
;__Lib_MathDouble.c,218 :: 		
0x00FC	0xEA      	MOV A, R2
;__Lib_MathDouble.c,219 :: 		
0x00FD	0x3E      	ADDC A, R6
;__Lib_MathDouble.c,220 :: 		
0x00FE	0xFA      	MOV R2, A
;__Lib_MathDouble.c,221 :: 		
0x00FF	0xD0E0    	POP ACC
;__Lib_MathDouble.c,222 :: 		
0x0101	0xFC      	MOV R4, A
;__Lib_MathDouble.c,223 :: 		
0x0102	0x5012    	JNC __Add_32x32_FP_l19
;__Lib_MathDouble.c,224 :: 		
0x0104	0x0C      	INC R4
;__Lib_MathDouble.c,225 :: 		
0x0105	0xBC0002  	CJNE R4, 0, __Add_32x32_FP_l20
;__Lib_MathDouble.c,226 :: 		
0x0108	0x804D    	SJMP __Add_32x32_FP_l6
;__Lib_MathDouble.c,228 :: 		
__Add_32x32_FP_l20:
;__Lib_MathDouble.c,229 :: 		
0x010A	0xEA      	MOV A, R2
;__Lib_MathDouble.c,230 :: 		
0x010B	0x13      	RRC A
;__Lib_MathDouble.c,231 :: 		
0x010C	0xFA      	MOV R2, A
;__Lib_MathDouble.c,232 :: 		
0x010D	0xE9      	MOV A, R1
;__Lib_MathDouble.c,233 :: 		
0x010E	0x13      	RRC A
;__Lib_MathDouble.c,234 :: 		
0x010F	0xF9      	MOV R1, A
;__Lib_MathDouble.c,235 :: 		
0x0110	0xE8      	MOV A, R0
;__Lib_MathDouble.c,236 :: 		
0x0111	0x13      	RRC A
;__Lib_MathDouble.c,237 :: 		
0x0112	0xF8      	MOV R0, A
;__Lib_MathDouble.c,238 :: 		
0x0113	0xEB      	MOV A, R3
;__Lib_MathDouble.c,239 :: 		
0x0114	0x13      	RRC A
;__Lib_MathDouble.c,240 :: 		
0x0115	0xFB      	MOV R3, A
;__Lib_MathDouble.c,242 :: 		
__Add_32x32_FP_l19:
;__Lib_MathDouble.c,243 :: 		
0x0116	0x8017    	SJMP __Add_32x32_FP_l10
;__Lib_MathDouble.c,245 :: 		
__Add_32x32_FP_l2:
;__Lib_MathDouble.c,246 :: 		
0x0118	0xEE      	MOV A, R6
;__Lib_MathDouble.c,247 :: 		
0x0119	0xD2E7    	SETB 231.B0
;__Lib_MathDouble.c,248 :: 		
0x011B	0xCE      	XCH A, R6
;__Lib_MathDouble.c,249 :: 		
0x011C	0x33      	RLC A
;__Lib_MathDouble.c,250 :: 		
0x011D	0xEF      	MOV A, R7
;__Lib_MathDouble.c,251 :: 		
0x011E	0x33      	RLC A
;__Lib_MathDouble.c,252 :: 		
0x011F	0xFF      	MOV R7, A
;__Lib_MathDouble.c,253 :: 		
0x0120	0x92D5    	MOV F0_bit, C
;__Lib_MathDouble.c,254 :: 		
0x0122	0xEA      	MOV A, R2
;__Lib_MathDouble.c,255 :: 		
0x0123	0xD2E7    	SETB 231.B0
;__Lib_MathDouble.c,256 :: 		
0x0125	0xCA      	XCH A, R2
;__Lib_MathDouble.c,257 :: 		
0x0126	0x33      	RLC A
;__Lib_MathDouble.c,258 :: 		
0x0127	0xEB      	MOV A, R3
;__Lib_MathDouble.c,259 :: 		
0x0128	0x33      	RLC A
;__Lib_MathDouble.c,260 :: 		
0x0129	0xFB      	MOV R3, A
;__Lib_MathDouble.c,261 :: 		
0x012A	0x5002    	JNC __Add_32x32_FP_l21
;__Lib_MathDouble.c,262 :: 		
0x012C	0xB2D5    	CPL F0_bit
;__Lib_MathDouble.c,264 :: 		
__Add_32x32_FP_l21:
;__Lib_MathDouble.c,265 :: 		
0x012E	0x22      	RET
;__Lib_MathDouble.c,267 :: 		
__Add_32x32_FP_l10:
;__Lib_MathDouble.c,268 :: 		
0x012F	0xEB      	MOV A, R3
;__Lib_MathDouble.c,269 :: 		
0x0130	0x30E710  	JNB 231, __Add_32x32_FP_l22
;__Lib_MathDouble.c,270 :: 		
0x0133	0x08      	INC R0
;__Lib_MathDouble.c,271 :: 		
0x0134	0xB8000C  	CJNE R0, 0, __Add_32x32_FP_l22
;__Lib_MathDouble.c,272 :: 		
0x0137	0x09      	INC R1
;__Lib_MathDouble.c,273 :: 		
0x0138	0xB90008  	CJNE R1, 0, __Add_32x32_FP_l22
;__Lib_MathDouble.c,274 :: 		
0x013B	0x0A      	INC R2
;__Lib_MathDouble.c,275 :: 		
0x013C	0xBA0004  	CJNE R2, 0, __Add_32x32_FP_l22
;__Lib_MathDouble.c,276 :: 		
0x013F	0x0C      	INC R4
;__Lib_MathDouble.c,277 :: 		
0x0140	0xEC      	MOV A, R4
;__Lib_MathDouble.c,278 :: 		
0x0141	0x6014    	JZ __Add_32x32_FP_l6
;__Lib_MathDouble.c,280 :: 		
__Add_32x32_FP_l22:
;__Lib_MathDouble.c,281 :: 		
0x0143	0xA2D5    	MOV C, F0_bit
;__Lib_MathDouble.c,282 :: 		
0x0145	0xEC      	MOV A, R4
;__Lib_MathDouble.c,283 :: 		
0x0146	0x13      	RRC A
;__Lib_MathDouble.c,284 :: 		
0x0147	0xFB      	MOV R3, A
;__Lib_MathDouble.c,285 :: 		
0x0148	0xEA      	MOV A, R2
;__Lib_MathDouble.c,286 :: 		
0x0149	0x92E7    	MOV 231.B0, C
;__Lib_MathDouble.c,287 :: 		
0x014B	0xFA      	MOV R2, A
;__Lib_MathDouble.c,288 :: 		
0x014C	0x22      	RET
;__Lib_MathDouble.c,290 :: 		
__Add_32x32_FP_res_beskonacno:
;__Lib_MathDouble.c,291 :: 		
0x014D	0x74FF    	MOV A, 255
;__Lib_MathDouble.c,293 :: 		
__Add_32x32_FP_l23:
;__Lib_MathDouble.c,294 :: 		
0x014F	0xFB      	MOV R3, A
;__Lib_MathDouble.c,295 :: 		
0x0150	0xFA      	MOV R2, A
;__Lib_MathDouble.c,297 :: 		
__Add_32x32_FP_l24:
;__Lib_MathDouble.c,298 :: 		
0x0151	0xF9      	MOV R1, A
;__Lib_MathDouble.c,299 :: 		
0x0152	0xF8      	MOV R0, A
;__Lib_MathDouble.c,300 :: 		
0x0153	0x22      	RET
;__Lib_MathDouble.c,302 :: 		
__Add_32x32_FP_l17:
;__Lib_MathDouble.c,303 :: 		
0x0154	0xE4      	CLR A
;__Lib_MathDouble.c,304 :: 		
0x0155	0x80F8    	SJMP __Add_32x32_FP_l23
;__Lib_MathDouble.c,306 :: 		
__Add_32x32_FP_l6:
;__Lib_MathDouble.c,307 :: 		
0x0157	0xA2D5    	MOV C, F0_bit
;__Lib_MathDouble.c,308 :: 		
0x0159	0x74FF    	MOV A, 255
;__Lib_MathDouble.c,309 :: 		
0x015B	0x13      	RRC A
;__Lib_MathDouble.c,310 :: 		
0x015C	0xFB      	MOV R3, A
;__Lib_MathDouble.c,311 :: 		
0x015D	0x7A80    	MOV R2, 128
;__Lib_MathDouble.c,312 :: 		
0x015F	0xE4      	CLR A
;__Lib_MathDouble.c,313 :: 		
0x0160	0x80EF    	SJMP __Add_32x32_FP_l24
;__Lib_MathDouble.c,315 :: 		
0x0162	0x22      	RET
; end of _Add_32x32_FP
_level2Double:
;__Lib_MathDouble.c,978 :: 		
;__Lib_MathDouble.c,981 :: 		
0x0163	0x33      	RLC A
;__Lib_MathDouble.c,982 :: 		
0x0164	0x92D5    	MOV F0_bit, C
;__Lib_MathDouble.c,983 :: 		
0x0166	0x30D503  	JNB F0_bit, __Byte2Double_l1
;__Lib_MathDouble.c,984 :: 		
0x0169	0x12018E  	LCALL __Byte2Double_l2
;__Lib_MathDouble.c,986 :: 		
__Byte2Double_l1:
;__Lib_MathDouble.c,987 :: 		
0x016C	0xEB      	MOV A, R3
;__Lib_MathDouble.c,988 :: 		
0x016D	0x33      	RLC A
;__Lib_MathDouble.c,989 :: 		
0x016E	0x4010    	JC __Byte2Double_l3
;__Lib_MathDouble.c,990 :: 		
0x0170	0xE8      	MOV A, R0
;__Lib_MathDouble.c,991 :: 		
0x0171	0x33      	RLC A
;__Lib_MathDouble.c,992 :: 		
0x0172	0xF8      	MOV R0, A
;__Lib_MathDouble.c,993 :: 		
0x0173	0xE9      	MOV A, R1
;__Lib_MathDouble.c,994 :: 		
0x0174	0x33      	RLC A
;__Lib_MathDouble.c,995 :: 		
0x0175	0xF9      	MOV R1, A
;__Lib_MathDouble.c,996 :: 		
0x0176	0xEA      	MOV A, R2
;__Lib_MathDouble.c,997 :: 		
0x0177	0x33      	RLC A
;__Lib_MathDouble.c,998 :: 		
0x0178	0xFA      	MOV R2, A
;__Lib_MathDouble.c,999 :: 		
0x0179	0xEB      	MOV A, R3
;__Lib_MathDouble.c,1000 :: 		
0x017A	0x33      	RLC A
;__Lib_MathDouble.c,1001 :: 		
0x017B	0xFB      	MOV R3, A
;__Lib_MathDouble.c,1002 :: 		
0x017C	0xD5F0ED  	DJNZ B, __Byte2Double_l1
;__Lib_MathDouble.c,1003 :: 		
0x017F	0x22      	RET
;__Lib_MathDouble.c,1005 :: 		
__Byte2Double_l3:
;__Lib_MathDouble.c,1006 :: 		
0x0180	0xE5F0    	MOV A, B
;__Lib_MathDouble.c,1007 :: 		
0x0182	0x247E    	ADD A, 126
;__Lib_MathDouble.c,1008 :: 		
0x0184	0xA2D5    	MOV C, F0_bit
;__Lib_MathDouble.c,1009 :: 		
0x0186	0x13      	RRC A
;__Lib_MathDouble.c,1010 :: 		
0x0187	0xCB      	XCH A, R3
;__Lib_MathDouble.c,1011 :: 		
0x0188	0x92E7    	MOV 231.B0, C
;__Lib_MathDouble.c,1012 :: 		
0x018A	0xCA      	XCH A, R2
;__Lib_MathDouble.c,1013 :: 		
0x018B	0xC9      	XCH A, R1
;__Lib_MathDouble.c,1014 :: 		
0x018C	0xF8      	MOV R0, A
;__Lib_MathDouble.c,1015 :: 		
0x018D	0x22      	RET
;__Lib_MathDouble.c,1017 :: 		
__Byte2Double_l2:
;__Lib_MathDouble.c,1018 :: 		
0x018E	0xC3      	CLR C
;__Lib_MathDouble.c,1019 :: 		
0x018F	0xE4      	CLR A
;__Lib_MathDouble.c,1020 :: 		
0x0190	0x98      	SUBB A, R0
;__Lib_MathDouble.c,1021 :: 		
0x0191	0xF8      	MOV R0, A
;__Lib_MathDouble.c,1022 :: 		
0x0192	0xE4      	CLR A
;__Lib_MathDouble.c,1023 :: 		
0x0193	0x99      	SUBB A, R1
;__Lib_MathDouble.c,1024 :: 		
0x0194	0xF9      	MOV R1, A
;__Lib_MathDouble.c,1025 :: 		
0x0195	0xE4      	CLR A
;__Lib_MathDouble.c,1026 :: 		
0x0196	0x9A      	SUBB A, R2
;__Lib_MathDouble.c,1027 :: 		
0x0197	0xFA      	MOV R2, A
;__Lib_MathDouble.c,1028 :: 		
0x0198	0xE4      	CLR A
;__Lib_MathDouble.c,1029 :: 		
0x0199	0x9B      	SUBB A, R3
;__Lib_MathDouble.c,1030 :: 		
0x019A	0xFB      	MOV R3, A
;__Lib_MathDouble.c,1032 :: 		
0x019B	0x22      	RET
; end of _level2Double
_Sub_32x32_FP:
;__Lib_MathDouble.c,333 :: 		
;__Lib_MathDouble.c,335 :: 		
0x019C	0xEF      	MOV A, R7
;__Lib_MathDouble.c,336 :: 		
0x019D	0x6480    	XRL A, 128
;__Lib_MathDouble.c,337 :: 		
0x019F	0xFF      	MOV R7, A
;__Lib_MathDouble.c,338 :: 		
0x01A0	0x120026  	LCALL _Add_32x32_FP
;__Lib_MathDouble.c,340 :: 		
0x01A3	0x22      	RET
; end of _Sub_32x32_FP
_Compare_Double:
;__Lib_MathDouble.c,1113 :: 		
;__Lib_MathDouble.c,1116 :: 		
0x01A4	0x74F8    	MOV A, 248
;__Lib_MathDouble.c,1117 :: 		
0x01A6	0xCF      	XCH A, R7
;__Lib_MathDouble.c,1118 :: 		
0x01A7	0x6480    	XRL A, 128
;__Lib_MathDouble.c,1119 :: 		
0x01A9	0xCF      	XCH A, R7
;__Lib_MathDouble.c,1120 :: 		
0x01AA	0xCB      	XCH A, R3
;__Lib_MathDouble.c,1121 :: 		
0x01AB	0x6480    	XRL A, 128
;__Lib_MathDouble.c,1122 :: 		
0x01AD	0xCB      	XCH A, R3
;__Lib_MathDouble.c,1123 :: 		
0x01AE	0xF582    	MOV DP0L, A
;__Lib_MathDouble.c,1124 :: 		
0x01B0	0x04      	INC A
;__Lib_MathDouble.c,1125 :: 		
0x01B1	0x7002    	JNZ lab_cd_nnn090A
;__Lib_MathDouble.c,1126 :: 		
0x01B3	0x8043    	SJMP lab_cd_090A
;__Lib_MathDouble.c,1127 :: 		
lab_cd_nnn090A:
;__Lib_MathDouble.c,1128 :: 		
0x01B5	0xC3      	CLR C
;__Lib_MathDouble.c,1129 :: 		
0x01B6	0xE8      	MOV A, R0
;__Lib_MathDouble.c,1130 :: 		
0x01B7	0x9C      	SUBB A, R4
;__Lib_MathDouble.c,1131 :: 		
0x01B8	0xF5F0    	MOV B, A
;__Lib_MathDouble.c,1132 :: 		
0x01BA	0xE9      	MOV A, R1
;__Lib_MathDouble.c,1133 :: 		
0x01BB	0x9D      	SUBB A, R5
;__Lib_MathDouble.c,1134 :: 		
0x01BC	0x42F0    	ORL B, A
;__Lib_MathDouble.c,1135 :: 		
0x01BE	0xEA      	MOV A, R2
;__Lib_MathDouble.c,1136 :: 		
0x01BF	0x9E      	SUBB A, R6
;__Lib_MathDouble.c,1137 :: 		
0x01C0	0x42F0    	ORL B, A
;__Lib_MathDouble.c,1138 :: 		
0x01C2	0xEB      	MOV A, R3
;__Lib_MathDouble.c,1139 :: 		
0x01C3	0x9F      	SUBB A, R7
;__Lib_MathDouble.c,1140 :: 		
0x01C4	0x45F0    	ORL A, B
;__Lib_MathDouble.c,1141 :: 		
0x01C6	0x6030    	JZ lab_cd_090A
;__Lib_MathDouble.c,1142 :: 		
0x01C8	0x5018    	JNC lab_cd_08F4
;__Lib_MathDouble.c,1143 :: 		
0x01CA	0xE582    	MOV A, DP0L
;__Lib_MathDouble.c,1144 :: 		
0x01CC	0x5C      	ANL A, R4
;__Lib_MathDouble.c,1145 :: 		
0x01CD	0xFC      	MOV R4, A
;__Lib_MathDouble.c,1146 :: 		
0x01CE	0xE582    	MOV A, DP0L
;__Lib_MathDouble.c,1147 :: 		
0x01D0	0xF4      	CPL A
;__Lib_MathDouble.c,1148 :: 		
0x01D1	0x28      	ADD A, R0
;__Lib_MathDouble.c,1149 :: 		
0x01D2	0x5582    	ANL A, DP0L
;__Lib_MathDouble.c,1150 :: 		
0x01D4	0xF8      	MOV R0, A
;__Lib_MathDouble.c,1151 :: 		
0x01D5	0x5021    	JNC lab_cd_090A
;__Lib_MathDouble.c,1152 :: 		
0x01D7	0x09      	INC R1
;__Lib_MathDouble.c,1153 :: 		
0x01D8	0xB9001D  	CJNE R1, 0, lab_cd_090A
;__Lib_MathDouble.c,1154 :: 		
0x01DB	0x0A      	INC R2
;__Lib_MathDouble.c,1155 :: 		
0x01DC	0xBA0019  	CJNE R2, 0, lab_cd_090A
;__Lib_MathDouble.c,1156 :: 		
0x01DF	0x0B      	INC R3
;__Lib_MathDouble.c,1157 :: 		
0x01E0	0x8016    	SJMP lab_cd_090A
;__Lib_MathDouble.c,1158 :: 		
lab_cd_08F4:
;__Lib_MathDouble.c,1159 :: 		
0x01E2	0xE582    	MOV A, DP0L
;__Lib_MathDouble.c,1160 :: 		
0x01E4	0x58      	ANL A, R0
;__Lib_MathDouble.c,1161 :: 		
0x01E5	0xF8      	MOV R0, A
;__Lib_MathDouble.c,1162 :: 		
0x01E6	0xE582    	MOV A, DP0L
;__Lib_MathDouble.c,1163 :: 		
0x01E8	0xF4      	CPL A
;__Lib_MathDouble.c,1164 :: 		
0x01E9	0x2C      	ADD A, R4
;__Lib_MathDouble.c,1165 :: 		
0x01EA	0x5582    	ANL A, DP0L
;__Lib_MathDouble.c,1166 :: 		
0x01EC	0xFC      	MOV R4, A
;__Lib_MathDouble.c,1167 :: 		
0x01ED	0x5009    	JNC lab_cd_090A
;__Lib_MathDouble.c,1168 :: 		
0x01EF	0x0D      	INC R5
;__Lib_MathDouble.c,1169 :: 		
0x01F0	0xBD0005  	CJNE R5, 0, lab_cd_090A
;__Lib_MathDouble.c,1170 :: 		
0x01F3	0x0E      	INC R6
;__Lib_MathDouble.c,1171 :: 		
0x01F4	0xBE0001  	CJNE R6, 0, lab_cd_090A
;__Lib_MathDouble.c,1172 :: 		
0x01F7	0x0F      	INC R7
;__Lib_MathDouble.c,1173 :: 		
lab_cd_090A:
;__Lib_MathDouble.c,1174 :: 		
0x01F8	0xC3      	CLR C
;__Lib_MathDouble.c,1175 :: 		
0x01F9	0xE8      	MOV A, R0
;__Lib_MathDouble.c,1176 :: 		
0x01FA	0x9C      	SUBB A, R4
;__Lib_MathDouble.c,1177 :: 		
0x01FB	0xF5F0    	MOV B, A
;__Lib_MathDouble.c,1178 :: 		
0x01FD	0xE9      	MOV A, R1
;__Lib_MathDouble.c,1179 :: 		
0x01FE	0x9D      	SUBB A, R5
;__Lib_MathDouble.c,1180 :: 		
0x01FF	0x42F0    	ORL B, A
;__Lib_MathDouble.c,1181 :: 		
0x0201	0xEA      	MOV A, R2
;__Lib_MathDouble.c,1182 :: 		
0x0202	0x9E      	SUBB A, R6
;__Lib_MathDouble.c,1183 :: 		
0x0203	0x42F0    	ORL B, A
;__Lib_MathDouble.c,1184 :: 		
0x0205	0xEB      	MOV A, R3
;__Lib_MathDouble.c,1185 :: 		
0x0206	0x9F      	SUBB A, R7
;__Lib_MathDouble.c,1186 :: 		
0x0207	0x45F0    	ORL A, B
;__Lib_MathDouble.c,1187 :: 		
0x0209	0x6007    	JZ lab_cd_0924
;__Lib_MathDouble.c,1188 :: 		
0x020B	0xCF      	XCH A, R7
;__Lib_MathDouble.c,1189 :: 		
0x020C	0x4B      	ORL A, R3
;__Lib_MathDouble.c,1190 :: 		
0x020D	0x20E701  	JB 231, lab_cd_0923
;__Lib_MathDouble.c,1191 :: 		
0x0210	0xB3      	CPL C
;__Lib_MathDouble.c,1192 :: 		
lab_cd_0923:
;__Lib_MathDouble.c,1193 :: 		
0x0211	0xEF      	MOV A, R7
;__Lib_MathDouble.c,1194 :: 		
lab_cd_0924:
;__Lib_MathDouble.c,1195 :: 		
0x0212	0x22      	RET
;__Lib_MathDouble.c,1198 :: 		
0x0213	0x22      	RET
; end of _Compare_Double
_display_exibir_digito:
;display7.c,112 :: 		void display_exibir_digito(int digito, int posicao) {
;display7.c,114 :: 		if(digito > 9 || posicao < 1 || posicao > 3) {
0x0214	0xD3      	SETB C
0x0215	0xE513    	MOV A, FARG_display_exibir_digito_digito
0x0217	0x9409    	SUBB A, #9
0x0219	0x7400    	MOV A, #0
0x021B	0x6480    	XRL A, #128
0x021D	0xF8      	MOV R0, A
0x021E	0xE514    	MOV A, FARG_display_exibir_digito_digito+1
0x0220	0x6480    	XRL A, #128
0x0222	0x98      	SUBB A, R0
0x0223	0x5024    	JNC L__display_exibir_digito23
0x0225	0xC3      	CLR C
0x0226	0xE515    	MOV A, FARG_display_exibir_digito_posicao
0x0228	0x9401    	SUBB A, #1
0x022A	0x7400    	MOV A, #0
0x022C	0x6480    	XRL A, #128
0x022E	0xF8      	MOV R0, A
0x022F	0xE516    	MOV A, FARG_display_exibir_digito_posicao+1
0x0231	0x6480    	XRL A, #128
0x0233	0x98      	SUBB A, R0
0x0234	0x4013    	JC L__display_exibir_digito23
0x0236	0xD3      	SETB C
0x0237	0xE515    	MOV A, FARG_display_exibir_digito_posicao
0x0239	0x9403    	SUBB A, #3
0x023B	0x7400    	MOV A, #0
0x023D	0x6480    	XRL A, #128
0x023F	0xF8      	MOV R0, A
0x0240	0xE516    	MOV A, FARG_display_exibir_digito_posicao+1
0x0242	0x6480    	XRL A, #128
0x0244	0x98      	SUBB A, R0
0x0245	0x5002    	JNC L__display_exibir_digito23
0x0247	0x8001    	SJMP L_display_exibir_digito8
L__display_exibir_digito23:
;display7.c,115 :: 		return;                                                                // Saia da funcao se os parametros estiverem fora dos limites
0x0249	0x22      	RET
;display7.c,116 :: 		}
L_display_exibir_digito8:
;display7.c,119 :: 		PORT_SEGMENTS &= ~(PIN_a | PIN_b | PIN_c | PIN_d | PIN_e | PIN_f | PIN_g); // Zera os segmentos
0x024A	0x53A080  	ANL P2, #128
;display7.c,122 :: 		switch (posicao) {
0x024D	0x8018    	SJMP L_display_exibir_digito9
;display7.c,123 :: 		case 1:
L_display_exibir_digito11:
;display7.c,124 :: 		PORT_DIGITS |=  (PIN_Q1);                                          // Ativa o primeiro digito
0x024F	0x439001  	ORL P1, #1
;display7.c,125 :: 		PORT_DIGITS &= ~(PIN_Q2 | PIN_Q3);                                 // Desativa os outros
0x0252	0x5390F9  	ANL P1, #249
;display7.c,126 :: 		break;
0x0255	0x8034    	SJMP L_display_exibir_digito10
;display7.c,127 :: 		case 2:
L_display_exibir_digito12:
;display7.c,128 :: 		PORT_DIGITS |=  (PIN_Q2);                                          // Ativa o segundo digito
0x0257	0x439002  	ORL P1, #2
;display7.c,129 :: 		PORT_DIGITS &= ~(PIN_Q1 | PIN_Q3);                                 // Desativa os outros
0x025A	0x5390FA  	ANL P1, #250
;display7.c,130 :: 		break;
0x025D	0x802C    	SJMP L_display_exibir_digito10
;display7.c,131 :: 		case 3:
L_display_exibir_digito13:
;display7.c,132 :: 		PORT_DIGITS |=  (PIN_Q3);                                          // Ativa o terceiro digito
0x025F	0x439004  	ORL P1, #4
;display7.c,133 :: 		PORT_DIGITS &= ~(PIN_Q1 | PIN_Q2);                                 // Desativa os outros
0x0262	0x5390FC  	ANL P1, #252
;display7.c,134 :: 		break;
0x0265	0x8024    	SJMP L_display_exibir_digito10
;display7.c,135 :: 		}
L_display_exibir_digito9:
0x0267	0x7401    	MOV A, #1
0x0269	0x6515    	XRL A, FARG_display_exibir_digito_posicao
0x026B	0x7004    	JNZ L__display_exibir_digito25
0x026D	0x7400    	MOV A, #0
0x026F	0x6516    	XRL A, FARG_display_exibir_digito_posicao+1
L__display_exibir_digito25:
0x0271	0x60DC    	JZ L_display_exibir_digito11
0x0273	0x7402    	MOV A, #2
0x0275	0x6515    	XRL A, FARG_display_exibir_digito_posicao
0x0277	0x7004    	JNZ L__display_exibir_digito26
0x0279	0x7400    	MOV A, #0
0x027B	0x6516    	XRL A, FARG_display_exibir_digito_posicao+1
L__display_exibir_digito26:
0x027D	0x60D8    	JZ L_display_exibir_digito12
0x027F	0x7403    	MOV A, #3
0x0281	0x6515    	XRL A, FARG_display_exibir_digito_posicao
0x0283	0x7004    	JNZ L__display_exibir_digito27
0x0285	0x7400    	MOV A, #0
0x0287	0x6516    	XRL A, FARG_display_exibir_digito_posicao+1
L__display_exibir_digito27:
0x0289	0x60D4    	JZ L_display_exibir_digito13
L_display_exibir_digito10:
;display7.c,138 :: 		PORT_SEGMENTS |= segmentos[digito];
0x028B	0x7A01    	MOV R2, #1
0x028D	0xA914    	MOV R1, FARG_display_exibir_digito_digito+1
0x028F	0xE513    	MOV A, FARG_display_exibir_digito_digito
0x0291	0x0A      	INC R2
0x0292	0x8005    	SJMP L__display_exibir_digito28
L__display_exibir_digito29:
0x0294	0xC3      	CLR C
0x0295	0x33      	RLC A
0x0296	0xC9      	XCH A, R1
0x0297	0x33      	RLC A
0x0298	0xC9      	XCH A, R1
L__display_exibir_digito28:
0x0299	0xDAF9    	DJNZ R2, L__display_exibir_digito29
0x029B	0xF8      	MOV R0, A
0x029C	0x7430    	MOV A, lo_addr(_segmentos)
0x029E	0x28      	ADD A, R0
0x029F	0xF8      	MOV R0, A
0x02A0	0xE6      	MOV A, @R0
0x02A1	0x42A0    	ORL P2, A
;display7.c,139 :: 		}
0x02A3	0x22      	RET
; end of _display_exibir_digito
_Mul_32x32_FP:
;__Lib_MathDouble.c,355 :: 		
;__Lib_MathDouble.c,357 :: 		
0x02A4	0xEB      	MOV A, R3
;__Lib_MathDouble.c,358 :: 		
0x02A5	0x4A      	ORL A, R2
;__Lib_MathDouble.c,359 :: 		
0x02A6	0x6011    	JZ __Mul_32x32_FP_l1
;__Lib_MathDouble.c,360 :: 		
0x02A8	0xEF      	MOV A, R7
;__Lib_MathDouble.c,361 :: 		
0x02A9	0x4E      	ORL A, R6
;__Lib_MathDouble.c,362 :: 		
0x02AA	0x7017    	JNZ __Mul_32x32_FP_l2
;__Lib_MathDouble.c,363 :: 		
0x02AC	0xEA      	MOV A, R2
;__Lib_MathDouble.c,364 :: 		
0x02AD	0x33      	RLC A
;__Lib_MathDouble.c,365 :: 		
0x02AE	0xEB      	MOV A, R3
;__Lib_MathDouble.c,366 :: 		
0x02AF	0x33      	RLC A
;__Lib_MathDouble.c,367 :: 		
0x02B0	0x04      	INC A
;__Lib_MathDouble.c,368 :: 		
0x02B1	0x600D    	JZ __Mul_32x32_FP_l3
;__Lib_MathDouble.c,369 :: 		
0x02B3	0xE4      	CLR A
;__Lib_MathDouble.c,370 :: 		
0x02B4	0xFB      	MOV R3, A
;__Lib_MathDouble.c,371 :: 		
0x02B5	0xF8      	MOV R0, A
;__Lib_MathDouble.c,372 :: 		
0x02B6	0xF9      	MOV R1, A
;__Lib_MathDouble.c,373 :: 		
0x02B7	0xFA      	MOV R2, A
;__Lib_MathDouble.c,375 :: 		
__Mul_32x32_FP_ret:
;__Lib_MathDouble.c,376 :: 		
0x02B8	0x22      	RET
;__Lib_MathDouble.c,378 :: 		
__Mul_32x32_FP_l1:
;__Lib_MathDouble.c,379 :: 		
0x02B9	0xEE      	MOV A, R6
;__Lib_MathDouble.c,380 :: 		
0x02BA	0x33      	RLC A
;__Lib_MathDouble.c,381 :: 		
0x02BB	0xEF      	MOV A, R7
;__Lib_MathDouble.c,382 :: 		
0x02BC	0x33      	RLC A
;__Lib_MathDouble.c,383 :: 		
0x02BD	0x04      	INC A
;__Lib_MathDouble.c,384 :: 		
0x02BE	0x70F8    	JNZ __Mul_32x32_FP_ret
;__Lib_MathDouble.c,386 :: 		
__Mul_32x32_FP_l3:
;__Lib_MathDouble.c,387 :: 		
0x02C0	0x0203DD  	LJMP __Mul_32x32_FP_l4
;__Lib_MathDouble.c,389 :: 		
__Mul_32x32_FP_l2:
;__Lib_MathDouble.c,390 :: 		
0x02C3	0x1203A8  	LCALL __Mul_32x32_FP_l5
;__Lib_MathDouble.c,391 :: 		
0x02C6	0x5F      	ANL A, R7
;__Lib_MathDouble.c,392 :: 		
0x02C7	0x04      	INC A
;__Lib_MathDouble.c,393 :: 		
0x02C8	0x6009    	JZ __Mul_32x32_FP_l6
;__Lib_MathDouble.c,394 :: 		
0x02CA	0xE4      	CLR A
;__Lib_MathDouble.c,395 :: 		
0x02CB	0xCB      	XCH A, R3
;__Lib_MathDouble.c,396 :: 		
0x02CC	0x2481    	ADD A, 129
;__Lib_MathDouble.c,397 :: 		
0x02CE	0x5006    	JNC __Mul_32x32_FP_l7
;__Lib_MathDouble.c,398 :: 		
0x02D0	0x2F      	ADD A, R7
;__Lib_MathDouble.c,399 :: 		
0x02D1	0x5009    	JNC __Mul_32x32_FP_l8
;__Lib_MathDouble.c,401 :: 		
__Mul_32x32_FP_l6:
;__Lib_MathDouble.c,402 :: 		
0x02D3	0x0203E7  	LJMP __Mul_32x32_FP_l9
;__Lib_MathDouble.c,404 :: 		
__Mul_32x32_FP_l7:
;__Lib_MathDouble.c,405 :: 		
0x02D6	0x2F      	ADD A, R7
;__Lib_MathDouble.c,406 :: 		
0x02D7	0x4003    	JC __Mul_32x32_FP_l8
;__Lib_MathDouble.c,407 :: 		
0x02D9	0x0203E4  	LJMP __Mul_32x32_FP_l10
;__Lib_MathDouble.c,409 :: 		
__Mul_32x32_FP_l8:
;__Lib_MathDouble.c,410 :: 		
0x02DC	0xC0E0    	PUSH ACC
;__Lib_MathDouble.c,411 :: 		
0x02DE	0xEC      	MOV A, R4
;__Lib_MathDouble.c,412 :: 		
0x02DF	0x4D      	ORL A, R5
;__Lib_MathDouble.c,413 :: 		
0x02E0	0x7044    	JNZ __Mul_32x32_FP_l11
;__Lib_MathDouble.c,414 :: 		
0x02E2	0xBE8006  	CJNE R6, 128, __Mul_32x32_FP_l12
;__Lib_MathDouble.c,416 :: 		
__Mul_32x32_FP_l16:
;__Lib_MathDouble.c,417 :: 		
0x02E5	0xD0E0    	POP ACC
;__Lib_MathDouble.c,418 :: 		
0x02E7	0xFC      	MOV R4, A
;__Lib_MathDouble.c,419 :: 		
0x02E8	0x0203D3  	LJMP __Mul_32x32_FP_l13
;__Lib_MathDouble.c,421 :: 		
__Mul_32x32_FP_l12:
;__Lib_MathDouble.c,422 :: 		
0x02EB	0xE8      	MOV A, R0
;__Lib_MathDouble.c,423 :: 		
0x02EC	0x49      	ORL A, R1
;__Lib_MathDouble.c,424 :: 		
0x02ED	0x701C    	JNZ __Mul_32x32_FP_l14
;__Lib_MathDouble.c,425 :: 		
0x02EF	0xBA8008  	CJNE R2, 128, __Mul_32x32_FP_l15
;__Lib_MathDouble.c,427 :: 		
__Mul_32x32_FP_l20:
;__Lib_MathDouble.c,428 :: 		
0x02F2	0xEC      	MOV A, R4
;__Lib_MathDouble.c,429 :: 		
0x02F3	0xF8      	MOV R0, A
;__Lib_MathDouble.c,430 :: 		
0x02F4	0xED      	MOV A, R5
;__Lib_MathDouble.c,431 :: 		
0x02F5	0xF9      	MOV R1, A
;__Lib_MathDouble.c,432 :: 		
0x02F6	0xEE      	MOV A, R6
;__Lib_MathDouble.c,433 :: 		
0x02F7	0xFA      	MOV R2, A
;__Lib_MathDouble.c,434 :: 		
0x02F8	0x80EB    	SJMP __Mul_32x32_FP_l16
;__Lib_MathDouble.c,436 :: 		
__Mul_32x32_FP_l15:
;__Lib_MathDouble.c,437 :: 		
0x02FA	0xEE      	MOV A, R6
;__Lib_MathDouble.c,438 :: 		
0x02FB	0x8AF0    	MOV B, R2
;__Lib_MathDouble.c,439 :: 		
0x02FD	0xA4      	MUL AB
;__Lib_MathDouble.c,440 :: 		
0x02FE	0xF9      	MOV R1, A
;__Lib_MathDouble.c,441 :: 		
0x02FF	0xE5F0    	MOV A, B
;__Lib_MathDouble.c,442 :: 		
0x0301	0x02038D  	LJMP __Mul_32x32_FP_l17
;__Lib_MathDouble.c,444 :: 		
__Mul_32x32_FP_l19:
;__Lib_MathDouble.c,445 :: 		
0x0304	0xEE      	MOV A, R6
;__Lib_MathDouble.c,446 :: 		
0x0305	0xCA      	XCH A, R2
;__Lib_MathDouble.c,447 :: 		
0x0306	0xFE      	MOV R6, A
;__Lib_MathDouble.c,448 :: 		
0x0307	0xED      	MOV A, R5
;__Lib_MathDouble.c,449 :: 		
0x0308	0xF9      	MOV R1, A
;__Lib_MathDouble.c,450 :: 		
0x0309	0xEC      	MOV A, R4
;__Lib_MathDouble.c,451 :: 		
0x030A	0xF8      	MOV R0, A
;__Lib_MathDouble.c,453 :: 		
__Mul_32x32_FP_l14:
;__Lib_MathDouble.c,454 :: 		
0x030B	0xE8      	MOV A, R0
;__Lib_MathDouble.c,455 :: 		
0x030C	0x8EF0    	MOV B, R6
;__Lib_MathDouble.c,456 :: 		
0x030E	0xA4      	MUL AB
;__Lib_MathDouble.c,457 :: 		
0x030F	0xFB      	MOV R3, A
;__Lib_MathDouble.c,458 :: 		
0x0310	0xE5F0    	MOV A, B
;__Lib_MathDouble.c,459 :: 		
0x0312	0xC9      	XCH A, R1
;__Lib_MathDouble.c,460 :: 		
0x0313	0x8EF0    	MOV B, R6
;__Lib_MathDouble.c,461 :: 		
0x0315	0xA4      	MUL AB
;__Lib_MathDouble.c,462 :: 		
0x0316	0x29      	ADD A, R1
;__Lib_MathDouble.c,463 :: 		
0x0317	0xF8      	MOV R0, A
;__Lib_MathDouble.c,464 :: 		
0x0318	0xE4      	CLR A
;__Lib_MathDouble.c,465 :: 		
0x0319	0x35F0    	ADDC A, B
;__Lib_MathDouble.c,466 :: 		
0x031B	0xCA      	XCH A, R2
;__Lib_MathDouble.c,467 :: 		
0x031C	0x8EF0    	MOV B, R6
;__Lib_MathDouble.c,468 :: 		
0x031E	0xA4      	MUL AB
;__Lib_MathDouble.c,469 :: 		
0x031F	0x2A      	ADD A, R2
;__Lib_MathDouble.c,470 :: 		
0x0320	0xF9      	MOV R1, A
;__Lib_MathDouble.c,471 :: 		
0x0321	0xE4      	CLR A
;__Lib_MathDouble.c,472 :: 		
0x0322	0x35F0    	ADDC A, B
;__Lib_MathDouble.c,473 :: 		
0x0324	0x8067    	SJMP __Mul_32x32_FP_l17
;__Lib_MathDouble.c,475 :: 		
__Mul_32x32_FP_l11:
;__Lib_MathDouble.c,476 :: 		
0x0326	0xE8      	MOV A, R0
;__Lib_MathDouble.c,477 :: 		
0x0327	0x49      	ORL A, R1
;__Lib_MathDouble.c,478 :: 		
0x0328	0x7005    	JNZ __Mul_32x32_FP_l18
;__Lib_MathDouble.c,479 :: 		
0x032A	0xBA80D7  	CJNE R2, 128, __Mul_32x32_FP_l19
;__Lib_MathDouble.c,480 :: 		
0x032D	0x80C3    	SJMP __Mul_32x32_FP_l20
;__Lib_MathDouble.c,482 :: 		
__Mul_32x32_FP_l18:
;__Lib_MathDouble.c,483 :: 		
0x032F	0xE8      	MOV A, R0
;__Lib_MathDouble.c,484 :: 		
0x0330	0x8CF0    	MOV B, R4
;__Lib_MathDouble.c,485 :: 		
0x0332	0xA4      	MUL AB
;__Lib_MathDouble.c,486 :: 		
0x0333	0xABF0    	MOV R3, B
;__Lib_MathDouble.c,487 :: 		
0x0335	0xE9      	MOV A, R1
;__Lib_MathDouble.c,488 :: 		
0x0336	0x8CF0    	MOV B, R4
;__Lib_MathDouble.c,489 :: 		
0x0338	0xA4      	MUL AB
;__Lib_MathDouble.c,490 :: 		
0x0339	0x2B      	ADD A, R3
;__Lib_MathDouble.c,491 :: 		
0x033A	0xFB      	MOV R3, A
;__Lib_MathDouble.c,492 :: 		
0x033B	0xE4      	CLR A
;__Lib_MathDouble.c,493 :: 		
0x033C	0x35F0    	ADDC A, B
;__Lib_MathDouble.c,494 :: 		
0x033E	0xFF      	MOV R7, A
;__Lib_MathDouble.c,495 :: 		
0x033F	0xE8      	MOV A, R0
;__Lib_MathDouble.c,496 :: 		
0x0340	0x8DF0    	MOV B, R5
;__Lib_MathDouble.c,497 :: 		
0x0342	0xA4      	MUL AB
;__Lib_MathDouble.c,498 :: 		
0x0343	0x2B      	ADD A, R3
;__Lib_MathDouble.c,499 :: 		
0x0344	0xE5F0    	MOV A, B
;__Lib_MathDouble.c,500 :: 		
0x0346	0x3F      	ADDC A, R7
;__Lib_MathDouble.c,501 :: 		
0x0347	0xFB      	MOV R3, A
;__Lib_MathDouble.c,502 :: 		
0x0348	0xE4      	CLR A
;__Lib_MathDouble.c,503 :: 		
0x0349	0x33      	RLC A
;__Lib_MathDouble.c,504 :: 		
0x034A	0xCC      	XCH A, R4
;__Lib_MathDouble.c,505 :: 		
0x034B	0x8AF0    	MOV B, R2
;__Lib_MathDouble.c,506 :: 		
0x034D	0xA4      	MUL AB
;__Lib_MathDouble.c,507 :: 		
0x034E	0x2B      	ADD A, R3
;__Lib_MathDouble.c,508 :: 		
0x034F	0xFB      	MOV R3, A
;__Lib_MathDouble.c,509 :: 		
0x0350	0xE5F0    	MOV A, B
;__Lib_MathDouble.c,510 :: 		
0x0352	0x3C      	ADDC A, R4
;__Lib_MathDouble.c,511 :: 		
0x0353	0xFF      	MOV R7, A
;__Lib_MathDouble.c,512 :: 		
0x0354	0xE9      	MOV A, R1
;__Lib_MathDouble.c,513 :: 		
0x0355	0x8DF0    	MOV B, R5
;__Lib_MathDouble.c,514 :: 		
0x0357	0xA4      	MUL AB
;__Lib_MathDouble.c,515 :: 		
0x0358	0x2B      	ADD A, R3
;__Lib_MathDouble.c,516 :: 		
0x0359	0xFB      	MOV R3, A
;__Lib_MathDouble.c,517 :: 		
0x035A	0xE5F0    	MOV A, B
;__Lib_MathDouble.c,518 :: 		
0x035C	0x3F      	ADDC A, R7
;__Lib_MathDouble.c,519 :: 		
0x035D	0xFF      	MOV R7, A
;__Lib_MathDouble.c,520 :: 		
0x035E	0xE4      	CLR A
;__Lib_MathDouble.c,521 :: 		
0x035F	0x33      	RLC A
;__Lib_MathDouble.c,522 :: 		
0x0360	0xC8      	XCH A, R0
;__Lib_MathDouble.c,523 :: 		
0x0361	0x8EF0    	MOV B, R6
;__Lib_MathDouble.c,524 :: 		
0x0363	0xA4      	MUL AB
;__Lib_MathDouble.c,525 :: 		
0x0364	0x2B      	ADD A, R3
;__Lib_MathDouble.c,526 :: 		
0x0365	0xFB      	MOV R3, A
;__Lib_MathDouble.c,527 :: 		
0x0366	0xE5F0    	MOV A, B
;__Lib_MathDouble.c,528 :: 		
0x0368	0x3F      	ADDC A, R7
;__Lib_MathDouble.c,529 :: 		
0x0369	0xC8      	XCH A, R0
;__Lib_MathDouble.c,530 :: 		
0x036A	0x3400    	ADDC A, 0
;__Lib_MathDouble.c,531 :: 		
0x036C	0xC9      	XCH A, R1
;__Lib_MathDouble.c,532 :: 		
0x036D	0x8EF0    	MOV B, R6
;__Lib_MathDouble.c,533 :: 		
0x036F	0xA4      	MUL AB
;__Lib_MathDouble.c,534 :: 		
0x0370	0x28      	ADD A, R0
;__Lib_MathDouble.c,535 :: 		
0x0371	0xF8      	MOV R0, A
;__Lib_MathDouble.c,536 :: 		
0x0372	0xE5F0    	MOV A, B
;__Lib_MathDouble.c,537 :: 		
0x0374	0x39      	ADDC A, R1
;__Lib_MathDouble.c,538 :: 		
0x0375	0xF9      	MOV R1, A
;__Lib_MathDouble.c,539 :: 		
0x0376	0xE4      	CLR A
;__Lib_MathDouble.c,540 :: 		
0x0377	0x33      	RLC A
;__Lib_MathDouble.c,541 :: 		
0x0378	0xCE      	XCH A, R6
;__Lib_MathDouble.c,542 :: 		
0x0379	0x8AF0    	MOV B, R2
;__Lib_MathDouble.c,543 :: 		
0x037B	0xA4      	MUL AB
;__Lib_MathDouble.c,544 :: 		
0x037C	0x29      	ADD A, R1
;__Lib_MathDouble.c,545 :: 		
0x037D	0xF9      	MOV R1, A
;__Lib_MathDouble.c,546 :: 		
0x037E	0xE5F0    	MOV A, B
;__Lib_MathDouble.c,547 :: 		
0x0380	0x3E      	ADDC A, R6
;__Lib_MathDouble.c,548 :: 		
0x0381	0xCA      	XCH A, R2
;__Lib_MathDouble.c,549 :: 		
0x0382	0x8DF0    	MOV B, R5
;__Lib_MathDouble.c,550 :: 		
0x0384	0xA4      	MUL AB
;__Lib_MathDouble.c,551 :: 		
0x0385	0x28      	ADD A, R0
;__Lib_MathDouble.c,552 :: 		
0x0386	0xF8      	MOV R0, A
;__Lib_MathDouble.c,553 :: 		
0x0387	0xE5F0    	MOV A, B
;__Lib_MathDouble.c,554 :: 		
0x0389	0x39      	ADDC A, R1
;__Lib_MathDouble.c,555 :: 		
0x038A	0xF9      	MOV R1, A
;__Lib_MathDouble.c,556 :: 		
0x038B	0xE4      	CLR A
;__Lib_MathDouble.c,557 :: 		
0x038C	0x3A      	ADDC A, R2
;__Lib_MathDouble.c,559 :: 		
__Mul_32x32_FP_l17:
;__Lib_MathDouble.c,560 :: 		
0x038D	0xFA      	MOV R2, A
;__Lib_MathDouble.c,561 :: 		
0x038E	0x33      	RLC A
;__Lib_MathDouble.c,562 :: 		
0x038F	0xD0E0    	POP ACC
;__Lib_MathDouble.c,563 :: 		
0x0391	0xFC      	MOV R4, A
;__Lib_MathDouble.c,564 :: 		
0x0392	0x5006    	JNC __Mul_32x32_FP_l21
;__Lib_MathDouble.c,565 :: 		
0x0394	0x0C      	INC R4
;__Lib_MathDouble.c,566 :: 		
0x0395	0xBC000E  	CJNE R4, 0, __Mul_32x32_FP_l22
;__Lib_MathDouble.c,567 :: 		
0x0398	0x804D    	SJMP __Mul_32x32_FP_l9
;__Lib_MathDouble.c,569 :: 		
__Mul_32x32_FP_l21:
;__Lib_MathDouble.c,570 :: 		
0x039A	0xEB      	MOV A, R3
;__Lib_MathDouble.c,571 :: 		
0x039B	0x2B      	ADD A, R3
;__Lib_MathDouble.c,572 :: 		
0x039C	0xFB      	MOV R3, A
;__Lib_MathDouble.c,573 :: 		
0x039D	0xE8      	MOV A, R0
;__Lib_MathDouble.c,574 :: 		
0x039E	0x33      	RLC A
;__Lib_MathDouble.c,575 :: 		
0x039F	0xF8      	MOV R0, A
;__Lib_MathDouble.c,576 :: 		
0x03A0	0xE9      	MOV A, R1
;__Lib_MathDouble.c,577 :: 		
0x03A1	0x33      	RLC A
;__Lib_MathDouble.c,578 :: 		
0x03A2	0xF9      	MOV R1, A
;__Lib_MathDouble.c,579 :: 		
0x03A3	0xEA      	MOV A, R2
;__Lib_MathDouble.c,580 :: 		
0x03A4	0x33      	RLC A
;__Lib_MathDouble.c,581 :: 		
0x03A5	0xFA      	MOV R2, A
;__Lib_MathDouble.c,583 :: 		
__Mul_32x32_FP_l22:
;__Lib_MathDouble.c,584 :: 		
0x03A6	0x8017    	SJMP __Mul_32x32_FP_l23
;__Lib_MathDouble.c,586 :: 		
__Mul_32x32_FP_l5:
;__Lib_MathDouble.c,587 :: 		
0x03A8	0xEE      	MOV A, R6
;__Lib_MathDouble.c,588 :: 		
0x03A9	0xD2E7    	SETB 231.B0
;__Lib_MathDouble.c,589 :: 		
0x03AB	0xCE      	XCH A, R6
;__Lib_MathDouble.c,590 :: 		
0x03AC	0x33      	RLC A
;__Lib_MathDouble.c,591 :: 		
0x03AD	0xEF      	MOV A, R7
;__Lib_MathDouble.c,592 :: 		
0x03AE	0x33      	RLC A
;__Lib_MathDouble.c,593 :: 		
0x03AF	0xFF      	MOV R7, A
;__Lib_MathDouble.c,594 :: 		
0x03B0	0x92D5    	MOV F0_bit, C
;__Lib_MathDouble.c,595 :: 		
0x03B2	0xEA      	MOV A, R2
;__Lib_MathDouble.c,596 :: 		
0x03B3	0xD2E7    	SETB 231.B0
;__Lib_MathDouble.c,597 :: 		
0x03B5	0xCA      	XCH A, R2
;__Lib_MathDouble.c,598 :: 		
0x03B6	0x33      	RLC A
;__Lib_MathDouble.c,599 :: 		
0x03B7	0xEB      	MOV A, R3
;__Lib_MathDouble.c,600 :: 		
0x03B8	0x33      	RLC A
;__Lib_MathDouble.c,601 :: 		
0x03B9	0xFB      	MOV R3, A
;__Lib_MathDouble.c,602 :: 		
0x03BA	0x5002    	JNC __Mul_32x32_FP_l24
;__Lib_MathDouble.c,603 :: 		
0x03BC	0xB2D5    	CPL F0_bit
;__Lib_MathDouble.c,604 :: 		
__Mul_32x32_FP_l24:
;__Lib_MathDouble.c,605 :: 		
0x03BE	0x22      	RET
;__Lib_MathDouble.c,607 :: 		
__Mul_32x32_FP_l23:
;__Lib_MathDouble.c,608 :: 		
0x03BF	0xEB      	MOV A, R3
;__Lib_MathDouble.c,609 :: 		
0x03C0	0x30E710  	JNB 231, __Mul_32x32_FP_l13
;__Lib_MathDouble.c,610 :: 		
0x03C3	0x08      	INC R0
;__Lib_MathDouble.c,611 :: 		
0x03C4	0xB8000C  	CJNE R0, 0, __Mul_32x32_FP_l13
;__Lib_MathDouble.c,612 :: 		
0x03C7	0x09      	INC R1
;__Lib_MathDouble.c,613 :: 		
0x03C8	0xB90008  	CJNE R1, 0, __Mul_32x32_FP_l13
;__Lib_MathDouble.c,614 :: 		
0x03CB	0x0A      	INC R2
;__Lib_MathDouble.c,615 :: 		
0x03CC	0xBA0004  	CJNE R2, 0, __Mul_32x32_FP_l13
;__Lib_MathDouble.c,616 :: 		
0x03CF	0x0C      	INC R4
;__Lib_MathDouble.c,617 :: 		
0x03D0	0xEC      	MOV A, R4
;__Lib_MathDouble.c,618 :: 		
0x03D1	0x6014    	JZ __Mul_32x32_FP_l9
;__Lib_MathDouble.c,620 :: 		
__Mul_32x32_FP_l13:
;__Lib_MathDouble.c,621 :: 		
0x03D3	0xA2D5    	MOV C, F0_bit
;__Lib_MathDouble.c,622 :: 		
0x03D5	0xEC      	MOV A, R4
;__Lib_MathDouble.c,623 :: 		
0x03D6	0x13      	RRC A
;__Lib_MathDouble.c,624 :: 		
0x03D7	0xFB      	MOV R3, A
;__Lib_MathDouble.c,625 :: 		
0x03D8	0xEA      	MOV A, R2
;__Lib_MathDouble.c,626 :: 		
0x03D9	0x92E7    	MOV 231.B0, C
;__Lib_MathDouble.c,627 :: 		
0x03DB	0xFA      	MOV R2, A
;__Lib_MathDouble.c,628 :: 		
0x03DC	0x22      	RET
;__Lib_MathDouble.c,630 :: 		
__Mul_32x32_FP_l4:
;__Lib_MathDouble.c,631 :: 		
0x03DD	0x74FF    	MOV A, 255
;__Lib_MathDouble.c,633 :: 		
__Mul_32x32_FP_l25:
;__Lib_MathDouble.c,634 :: 		
0x03DF	0xFB      	MOV R3, A
;__Lib_MathDouble.c,635 :: 		
0x03E0	0xFA      	MOV R2, A
;__Lib_MathDouble.c,637 :: 		
__Mul_32x32_FP_l26:
;__Lib_MathDouble.c,638 :: 		
0x03E1	0xF9      	MOV R1, A
;__Lib_MathDouble.c,639 :: 		
0x03E2	0xF8      	MOV R0, A
;__Lib_MathDouble.c,640 :: 		
0x03E3	0x22      	RET
;__Lib_MathDouble.c,642 :: 		
__Mul_32x32_FP_l10:
;__Lib_MathDouble.c,643 :: 		
0x03E4	0xE4      	CLR A
;__Lib_MathDouble.c,644 :: 		
0x03E5	0x80F8    	SJMP __Mul_32x32_FP_l25
;__Lib_MathDouble.c,646 :: 		
__Mul_32x32_FP_l9:
;__Lib_MathDouble.c,647 :: 		
0x03E7	0xA2D5    	MOV C, F0_bit
;__Lib_MathDouble.c,648 :: 		
0x03E9	0x74FF    	MOV A, 255
;__Lib_MathDouble.c,649 :: 		
0x03EB	0x13      	RRC A
;__Lib_MathDouble.c,650 :: 		
0x03EC	0xFB      	MOV R3, A
;__Lib_MathDouble.c,651 :: 		
0x03ED	0x7A80    	MOV R2, 128
;__Lib_MathDouble.c,652 :: 		
0x03EF	0xE4      	CLR A
;__Lib_MathDouble.c,653 :: 		
0x03F0	0x80EF    	SJMP __Mul_32x32_FP_l26
;__Lib_MathDouble.c,655 :: 		
0x03F2	0x22      	RET
; end of _Mul_32x32_FP
_Byte2Double:
;__Lib_MathDouble.c,1043 :: 		
;__Lib_MathDouble.c,1045 :: 		
0x03F3	0xAB00    	MOV R3, R0
;__Lib_MathDouble.c,1046 :: 		
0x03F5	0x75F008  	MOV B, 8
;__Lib_MathDouble.c,1047 :: 		
0x03F8	0xE4      	CLR A
;__Lib_MathDouble.c,1048 :: 		
0x03F9	0xFA      	MOV R2, A
;__Lib_MathDouble.c,1049 :: 		
0x03FA	0xF9      	MOV R1, A
;__Lib_MathDouble.c,1050 :: 		
0x03FB	0xF8      	MOV R0, A
;__Lib_MathDouble.c,1052 :: 		
0x03FC	0x3163    	ACALL _level2Double
;__Lib_MathDouble.c,1054 :: 		
0x03FE	0x22      	RET
; end of _Byte2Double
_Double2Ints:
;__Lib_MathDouble.c,896 :: 		
;__Lib_MathDouble.c,898 :: 		
0x03FF	0xEA      	MOV A, R2
;__Lib_MathDouble.c,899 :: 		
0x0400	0xD2E7    	SETB 231.B0
;__Lib_MathDouble.c,900 :: 		
0x0402	0xCA      	XCH A, R2
;__Lib_MathDouble.c,901 :: 		
0x0403	0x33      	RLC A
;__Lib_MathDouble.c,902 :: 		
0x0404	0xEB      	MOV A, R3
;__Lib_MathDouble.c,903 :: 		
0x0405	0x33      	RLC A
;__Lib_MathDouble.c,904 :: 		
0x0406	0x92D5    	MOV F0_bit, C
;__Lib_MathDouble.c,905 :: 		
0x0408	0x2481    	ADD A, 129
;__Lib_MathDouble.c,906 :: 		
0x040A	0x4006    	JC __Double2Longword_l1
;__Lib_MathDouble.c,907 :: 		
0x040C	0xE4      	CLR A
;__Lib_MathDouble.c,908 :: 		
__Double2Longword_l3:
;__Lib_MathDouble.c,909 :: 		
0x040D	0xF8      	MOV R0, A
;__Lib_MathDouble.c,910 :: 		
0x040E	0xF9      	MOV R1, A
;__Lib_MathDouble.c,911 :: 		
0x040F	0xFA      	MOV R2, A
;__Lib_MathDouble.c,912 :: 		
0x0410	0xFB      	MOV R3, A
;__Lib_MathDouble.c,913 :: 		
__Double2Longword_l5:
;__Lib_MathDouble.c,914 :: 		
0x0411	0x22      	RET
;__Lib_MathDouble.c,916 :: 		
__Double2Longword_l1:
;__Lib_MathDouble.c,917 :: 		
0x0412	0xFB      	MOV R3, A
;__Lib_MathDouble.c,918 :: 		
0x0413	0xE4      	CLR A
;__Lib_MathDouble.c,919 :: 		
0x0414	0xC8      	XCH A, R0
;__Lib_MathDouble.c,920 :: 		
0x0415	0xC9      	XCH A, R1
;__Lib_MathDouble.c,921 :: 		
0x0416	0xCA      	XCH A, R2
;__Lib_MathDouble.c,922 :: 		
0x0417	0xCB      	XCH A, R3
;__Lib_MathDouble.c,923 :: 		
0x0418	0x24E0    	ADD A, 224
;__Lib_MathDouble.c,924 :: 		
0x041A	0x5011    	JNC __Double2Longword_l2
;__Lib_MathDouble.c,925 :: 		
0x041C	0x74FF    	MOV A, 255
;__Lib_MathDouble.c,926 :: 		
0x041E	0x80ED    	SJMP __Double2Longword_l3
;__Lib_MathDouble.c,928 :: 		
__Double2Longword_l4:
;__Lib_MathDouble.c,929 :: 		
0x0420	0xC3      	CLR C
;__Lib_MathDouble.c,930 :: 		
0x0421	0xCB      	XCH A, R3
;__Lib_MathDouble.c,931 :: 		
0x0422	0x13      	RRC A
;__Lib_MathDouble.c,932 :: 		
0x0423	0xCB      	XCH A, R3
;__Lib_MathDouble.c,933 :: 		
0x0424	0xCA      	XCH A, R2
;__Lib_MathDouble.c,934 :: 		
0x0425	0x13      	RRC A
;__Lib_MathDouble.c,935 :: 		
0x0426	0xCA      	XCH A, R2
;__Lib_MathDouble.c,936 :: 		
0x0427	0xC9      	XCH A, R1
;__Lib_MathDouble.c,937 :: 		
0x0428	0x13      	RRC A
;__Lib_MathDouble.c,938 :: 		
0x0429	0xC9      	XCH A, R1
;__Lib_MathDouble.c,939 :: 		
0x042A	0xC8      	XCH A, R0
;__Lib_MathDouble.c,940 :: 		
0x042B	0x13      	RRC A
;__Lib_MathDouble.c,941 :: 		
0x042C	0xC8      	XCH A, R0
;__Lib_MathDouble.c,943 :: 		
__Double2Longword_l2:
;__Lib_MathDouble.c,944 :: 		
0x042D	0x04      	INC A
;__Lib_MathDouble.c,945 :: 		
0x042E	0x70F0    	JNZ __Double2Longword_l4
;__Lib_MathDouble.c,946 :: 		
0x0430	0x30D5DE  	JNB F0_bit, __Double2Longword_l5
;__Lib_MathDouble.c,947 :: 		
0x0433	0xC3      	CLR C
;__Lib_MathDouble.c,948 :: 		
0x0434	0xE4      	CLR A
;__Lib_MathDouble.c,949 :: 		
0x0435	0x98      	SUBB A, R0
;__Lib_MathDouble.c,950 :: 		
0x0436	0xF8      	MOV R0, A
;__Lib_MathDouble.c,951 :: 		
0x0437	0xE4      	CLR A
;__Lib_MathDouble.c,952 :: 		
0x0438	0x99      	SUBB A, R1
;__Lib_MathDouble.c,953 :: 		
0x0439	0xF9      	MOV R1, A
;__Lib_MathDouble.c,954 :: 		
0x043A	0xE4      	CLR A
;__Lib_MathDouble.c,955 :: 		
0x043B	0x9A      	SUBB A, R2
;__Lib_MathDouble.c,956 :: 		
0x043C	0xFA      	MOV R2, A
;__Lib_MathDouble.c,957 :: 		
0x043D	0xE4      	CLR A
;__Lib_MathDouble.c,958 :: 		
0x043E	0x9B      	SUBB A, R3
;__Lib_MathDouble.c,959 :: 		
0x043F	0xFB      	MOV R3, A
;__Lib_MathDouble.c,961 :: 		
0x0440	0x22      	RET
; end of _Double2Ints
_display_limpar:
;display7.c,56 :: 		void display_limpar(void) {
;display7.c,58 :: 		PORT_SEGMENTS &= ~(PIN_a | PIN_b | PIN_c | PIN_d | PIN_e | PIN_f | PIN_g | PIN_pt);
0x0441	0x53A000  	ANL P2, #0
;display7.c,61 :: 		PORT_DIGITS &= ~(PIN_Q1 | PIN_Q2 | PIN_Q3);
0x0444	0x5390F8  	ANL P1, #248
;display7.c,62 :: 		}
0x0447	0x22      	RET
; end of _display_limpar
_display_inicializar:
;display7.c,39 :: 		void display_inicializar(void) {
;display7.c,41 :: 		GPIOControlRegister_SEGMENTS &= ~(PIN_a | PIN_b | PIN_c | PIN_d | PIN_e | PIN_f | PIN_g | PIN_pt);
0x0448	0x53A000  	ANL P2, #0
;display7.c,44 :: 		GPIOControlRegister_DIGITS &= ~(PIN_Q1 | PIN_Q2 | PIN_Q3);
0x044B	0x5390F8  	ANL P1, #248
;display7.c,47 :: 		display_limpar();
0x044E	0x9141    	ACALL _display_limpar
;display7.c,48 :: 		}
0x0450	0x22      	RET
; end of _display_inicializar
___CC2D:
;__Lib_System.c,13 :: 		
;__Lib_System.c,15 :: 		
_CC2D_Loop1:
;__Lib_System.c,16 :: 		
0x0451	0xE4      	CLR A
;__Lib_System.c,17 :: 		
0x0452	0x93      	MOVC A, @A+DPTR
;__Lib_System.c,18 :: 		
0x0453	0xF6      	MOV @R0, A
;__Lib_System.c,19 :: 		
0x0454	0x08      	INC R0
;__Lib_System.c,20 :: 		
0x0455	0xA3      	INC DPTR
;__Lib_System.c,21 :: 		
0x0456	0xD9F9    	DJNZ R1, _CC2D_Loop1
;__Lib_System.c,23 :: 		
0x0458	0x22      	RET
; end of ___CC2D
_display_exibir_decimal:
;display7.c,147 :: 		void display_exibir_decimal(float numero) {
;display7.c,148 :: 		unsigned char parte_inteira = 0;
0x0459	0x750C00  	MOV display_exibir_decimal_parte_inteira_L0, #0
0x045C	0x750D00  	MOV display_exibir_decimal_casas_decimais_L0, #0
0x045F	0x750E00  	MOV display_exibir_decimal_dezenas_L0, #0
0x0462	0x750F00  	MOV display_exibir_decimal_unidades_L0, #0
0x0465	0x751000  	MOV display_exibir_decimal_primeira_decimal_L0, #0
0x0468	0x751100  	MOV display_exibir_decimal_segunda_decimal_L0, #0
0x046B	0x751200  	MOV display_exibir_decimal_i_L0, #0
;display7.c,149 :: 		unsigned char casas_decimais = 0;
;display7.c,150 :: 		unsigned char dezenas = 0;
;display7.c,151 :: 		unsigned char unidades = 0;
;display7.c,152 :: 		unsigned char primeira_decimal = 0;
;display7.c,153 :: 		unsigned char segunda_decimal = 0;
;display7.c,154 :: 		unsigned char i = 0;
;display7.c,157 :: 		if (numero < 0.0 || numero >= 100.0) {
0x046E	0xC3      	CLR C
0x046F	0x7C00    	MOV R4, #0
0x0471	0x7D00    	MOV R5, #0
0x0473	0x7E00    	MOV R6, #0
0x0475	0x750700  	MOV R7, #0
0x0478	0xA808    	MOV R0, FARG_display_exibir_decimal_numero
0x047A	0xA909    	MOV R1, FARG_display_exibir_decimal_numero+1
0x047C	0xAA0A    	MOV R2, FARG_display_exibir_decimal_numero+2
0x047E	0xAB0B    	MOV R3, FARG_display_exibir_decimal_numero+3
0x0480	0x31A4    	ACALL _Compare_Double
0x0482	0x4004    	JC L__display_exibir_decimal30
0x0484	0x7800    	MOV R0, #0
0x0486	0x8002    	SJMP L__display_exibir_decimal31
L__display_exibir_decimal30:
0x0488	0x7801    	MOV R0, #1
L__display_exibir_decimal31:
0x048A	0xE8      	MOV A, R0
0x048B	0x7021    	JNZ L__display_exibir_decimal24
0x048D	0xC3      	CLR C
0x048E	0x7C00    	MOV R4, #0
0x0490	0x7D00    	MOV R5, #0
0x0492	0x7EC8    	MOV R6, #200
0x0494	0x750742  	MOV R7, #66
0x0497	0xA808    	MOV R0, FARG_display_exibir_decimal_numero
0x0499	0xA909    	MOV R1, FARG_display_exibir_decimal_numero+1
0x049B	0xAA0A    	MOV R2, FARG_display_exibir_decimal_numero+2
0x049D	0xAB0B    	MOV R3, FARG_display_exibir_decimal_numero+3
0x049F	0x31A4    	ACALL _Compare_Double
0x04A1	0x5004    	JNC L__display_exibir_decimal32
0x04A3	0x7800    	MOV R0, #0
0x04A5	0x8002    	SJMP L__display_exibir_decimal33
L__display_exibir_decimal32:
0x04A7	0x7801    	MOV R0, #1
L__display_exibir_decimal33:
0x04A9	0xE8      	MOV A, R0
0x04AA	0x7002    	JNZ L__display_exibir_decimal24
0x04AC	0x8001    	SJMP L_display_exibir_decimal16
L__display_exibir_decimal24:
;display7.c,158 :: 		return;                                                                // Nao exibe numeros fora do intervalo (0.00 a 99.99)
0x04AE	0x22      	RET
;display7.c,159 :: 		}
L_display_exibir_decimal16:
;display7.c,162 :: 		parte_inteira =  (int)numero;                                              // Extrai a parte inteira
0x04AF	0xA808    	MOV R0, FARG_display_exibir_decimal_numero
0x04B1	0xA909    	MOV R1, FARG_display_exibir_decimal_numero+1
0x04B3	0xAA0A    	MOV R2, FARG_display_exibir_decimal_numero+2
0x04B5	0xAB0B    	MOV R3, FARG_display_exibir_decimal_numero+3
0x04B7	0x71FF    	ACALL _Double2Ints
0x04B9	0x85000C  	MOV display_exibir_decimal_parte_inteira_L0, 0
;display7.c,163 :: 		casas_decimais = (int)((numero - parte_inteira) * 100 + 0.5);              // Extrai duas casas decimais
0x04BC	0x71F3    	ACALL _Byte2Double
0x04BE	0xAC00    	MOV R4, R0
0x04C0	0xAD01    	MOV R5, R1
0x04C2	0xAE02    	MOV R6, R2
0x04C4	0xAF03    	MOV R7, R3
0x04C6	0xA808    	MOV R0, FARG_display_exibir_decimal_numero
0x04C8	0xA909    	MOV R1, FARG_display_exibir_decimal_numero+1
0x04CA	0xAA0A    	MOV R2, FARG_display_exibir_decimal_numero+2
0x04CC	0xAB0B    	MOV R3, FARG_display_exibir_decimal_numero+3
0x04CE	0x319C    	ACALL _Sub_32x32_FP
0x04D0	0x7C00    	MOV R4, #0
0x04D2	0x7D00    	MOV R5, #0
0x04D4	0x7EC8    	MOV R6, #200
0x04D6	0x750742  	MOV R7, #66
0x04D9	0x51A4    	ACALL _Mul_32x32_FP
0x04DB	0x7C00    	MOV R4, #0
0x04DD	0x7D00    	MOV R5, #0
0x04DF	0x7E00    	MOV R6, #0
0x04E1	0x75073F  	MOV R7, #63
0x04E4	0x1126    	ACALL _Add_32x32_FP
0x04E6	0x71FF    	ACALL _Double2Ints
0x04E8	0x85000D  	MOV display_exibir_decimal_casas_decimais_L0, 0
;display7.c,165 :: 		dezenas  = (parte_inteira / 10) % 10;                              // Obtem o digito das dezenas (se houver)
0x04EB	0x75F00A  	MOV B, #10
0x04EE	0xE50C    	MOV A, display_exibir_decimal_parte_inteira_L0
0x04F0	0x84      	DIV AB
0x04F1	0xF8      	MOV R0, A
0x04F2	0x75F00A  	MOV B, #10
0x04F5	0xE8      	MOV A, R0
0x04F6	0x84      	DIV AB
0x04F7	0xE5F0    	MOV A, B
0x04F9	0xF8      	MOV R0, A
0x04FA	0x85000E  	MOV display_exibir_decimal_dezenas_L0, 0
;display7.c,166 :: 		unidades = (parte_inteira % 10);                                   // Obtem o digito das unidades
0x04FD	0x75F00A  	MOV B, #10
0x0500	0xE50C    	MOV A, display_exibir_decimal_parte_inteira_L0
0x0502	0x84      	DIV AB
0x0503	0xE5F0    	MOV A, B
0x0505	0xF8      	MOV R0, A
0x0506	0x85000F  	MOV display_exibir_decimal_unidades_L0, 0
;display7.c,168 :: 		primeira_decimal = casas_decimais / 10;                            // Primeira casa decimal
0x0509	0x75F00A  	MOV B, #10
0x050C	0xE50D    	MOV A, display_exibir_decimal_casas_decimais_L0
0x050E	0x84      	DIV AB
0x050F	0xF8      	MOV R0, A
0x0510	0x850010  	MOV display_exibir_decimal_primeira_decimal_L0, 0
;display7.c,169 :: 		segunda_decimal  = casas_decimais % 10;                            // Segunda casa decimal
0x0513	0x75F00A  	MOV B, #10
0x0516	0xE50D    	MOV A, display_exibir_decimal_casas_decimais_L0
0x0518	0x84      	DIV AB
0x0519	0xE5F0    	MOV A, B
0x051B	0xF8      	MOV R0, A
0x051C	0x850011  	MOV display_exibir_decimal_segunda_decimal_L0, 0
;display7.c,172 :: 		for(i = 0; i < 50; i++) {
0x051F	0x751200  	MOV display_exibir_decimal_i_L0, #0
L_display_exibir_decimal17:
0x0522	0xC3      	CLR C
0x0523	0xE512    	MOV A, display_exibir_decimal_i_L0
0x0525	0x9432    	SUBB A, #50
0x0527	0x4002    	JC #2
0x0529	0xA1CE    	AJMP L_display_exibir_decimal18
;display7.c,174 :: 		if (parte_inteira >= 10) {
0x052B	0xC3      	CLR C
0x052C	0xE50C    	MOV A, display_exibir_decimal_parte_inteira_L0
0x052E	0x940A    	SUBB A, #10
0x0530	0x404D    	JC L_display_exibir_decimal20
;display7.c,176 :: 		display_exibir_digito(dezenas, 1);                                 // Exibe as dezenas na posicao 1 (Q1)
0x0532	0x850E13  	MOV FARG_display_exibir_digito_digito, display_exibir_decimal_dezenas_L0+0
0x0535	0xE4      	CLR A
0x0536	0xF514    	MOV FARG_display_exibir_digito_digito+1, A
0x0538	0x751501  	MOV FARG_display_exibir_digito_posicao, #1
0x053B	0x751600  	MOV FARG_display_exibir_digito_posicao+1, #0
0x053E	0x5114    	ACALL _display_exibir_digito
;display7.c,177 :: 		__ms(4);
0x0540	0x7E07    	MOV R6, 7
0x0542	0x7F7A    	MOV R7, 122
0x0544	0xDFFE    	DJNZ R7, PC-2
0x0546	0xDEFC    	DJNZ R6, PC-4
0x0548	0x00      	NOP
;display7.c,179 :: 		display_exibir_digito(unidades, 2);                                // Exibe as unidades na posicao 2 (Q2) com o ponto decimal ativado
0x0549	0x850F13  	MOV FARG_display_exibir_digito_digito, display_exibir_decimal_unidades_L0+0
0x054C	0xE4      	CLR A
0x054D	0xF514    	MOV FARG_display_exibir_digito_digito+1, A
0x054F	0x751502  	MOV FARG_display_exibir_digito_posicao, #2
0x0552	0x751600  	MOV FARG_display_exibir_digito_posicao+1, #0
0x0555	0x5114    	ACALL _display_exibir_digito
;display7.c,180 :: 		PORT_SEGMENTS |= PIN_pt;                                           // Liga o ponto decimal no segundo digito (Q2)
0x0557	0x43A080  	ORL P2, #128
;display7.c,181 :: 		__ms(4);
0x055A	0x7E07    	MOV R6, 7
0x055C	0x7F7A    	MOV R7, 122
0x055E	0xDFFE    	DJNZ R7, PC-2
0x0560	0xDEFC    	DJNZ R6, PC-4
0x0562	0x00      	NOP
;display7.c,183 :: 		PORT_SEGMENTS &= ~PIN_pt;                                          // Desativa o ponto decimal antes de exibir o proximo digito
0x0563	0x53A07F  	ANL P2, #127
;display7.c,185 :: 		display_exibir_digito(primeira_decimal, 3);                        // Exibe a primeira casa decimal na posicao 3 (Q3)
0x0566	0x851013  	MOV FARG_display_exibir_digito_digito, display_exibir_decimal_primeira_decimal_L0+0
0x0569	0xE4      	CLR A
0x056A	0xF514    	MOV FARG_display_exibir_digito_digito+1, A
0x056C	0x751503  	MOV FARG_display_exibir_digito_posicao, #3
0x056F	0x751600  	MOV FARG_display_exibir_digito_posicao+1, #0
0x0572	0x5114    	ACALL _display_exibir_digito
;display7.c,186 :: 		__ms(4);
0x0574	0x7E07    	MOV R6, 7
0x0576	0x7F7A    	MOV R7, 122
0x0578	0xDFFE    	DJNZ R7, PC-2
0x057A	0xDEFC    	DJNZ R6, PC-4
0x057C	0x00      	NOP
;display7.c,188 :: 		} else {
0x057D	0x804B    	SJMP L_display_exibir_decimal21
L_display_exibir_decimal20:
;display7.c,189 :: 		display_exibir_digito(unidades, 1);                                // Exibe as unidades na posicao 1 (Q1)
0x057F	0x850F13  	MOV FARG_display_exibir_digito_digito, display_exibir_decimal_unidades_L0+0
0x0582	0xE4      	CLR A
0x0583	0xF514    	MOV FARG_display_exibir_digito_digito+1, A
0x0585	0x751501  	MOV FARG_display_exibir_digito_posicao, #1
0x0588	0x751600  	MOV FARG_display_exibir_digito_posicao+1, #0
0x058B	0x5114    	ACALL _display_exibir_digito
;display7.c,190 :: 		PORT_SEGMENTS |= PIN_pt;                                           // Liga o ponto decimal no segundo digito (Q1)
0x058D	0x43A080  	ORL P2, #128
;display7.c,191 :: 		__ms(4);
0x0590	0x7E07    	MOV R6, 7
0x0592	0x7F7A    	MOV R7, 122
0x0594	0xDFFE    	DJNZ R7, PC-2
0x0596	0xDEFC    	DJNZ R6, PC-4
0x0598	0x00      	NOP
;display7.c,193 :: 		PORT_SEGMENTS &= ~PIN_pt;                                          // Desativa o ponto decimal antes de exibir o proximo digito
0x0599	0x53A07F  	ANL P2, #127
;display7.c,195 :: 		display_exibir_digito(primeira_decimal, 2);                        // Exibe a primeira casa decimal na posicao 2 (Q2)
0x059C	0x851013  	MOV FARG_display_exibir_digito_digito, display_exibir_decimal_primeira_decimal_L0+0
0x059F	0xE4      	CLR A
0x05A0	0xF514    	MOV FARG_display_exibir_digito_digito+1, A
0x05A2	0x751502  	MOV FARG_display_exibir_digito_posicao, #2
0x05A5	0x751600  	MOV FARG_display_exibir_digito_posicao+1, #0
0x05A8	0x5114    	ACALL _display_exibir_digito
;display7.c,196 :: 		__ms(4);
0x05AA	0x7E07    	MOV R6, 7
0x05AC	0x7F7A    	MOV R7, 122
0x05AE	0xDFFE    	DJNZ R7, PC-2
0x05B0	0xDEFC    	DJNZ R6, PC-4
0x05B2	0x00      	NOP
;display7.c,198 :: 		display_exibir_digito(segunda_decimal, 3);                         // Exibe a segunda casa decimal na posicao 3 (Q3)
0x05B3	0x851113  	MOV FARG_display_exibir_digito_digito, display_exibir_decimal_segunda_decimal_L0+0
0x05B6	0xE4      	CLR A
0x05B7	0xF514    	MOV FARG_display_exibir_digito_digito+1, A
0x05B9	0x751503  	MOV FARG_display_exibir_digito_posicao, #3
0x05BC	0x751600  	MOV FARG_display_exibir_digito_posicao+1, #0
0x05BF	0x5114    	ACALL _display_exibir_digito
;display7.c,199 :: 		__ms(4);
0x05C1	0x7E07    	MOV R6, 7
0x05C3	0x7F7A    	MOV R7, 122
0x05C5	0xDFFE    	DJNZ R7, PC-2
0x05C7	0xDEFC    	DJNZ R6, PC-4
0x05C9	0x00      	NOP
;display7.c,200 :: 		}
L_display_exibir_decimal21:
;display7.c,172 :: 		for(i = 0; i < 50; i++) {
0x05CA	0x0512    	INC display_exibir_decimal_i_L0
;display7.c,201 :: 		}
0x05CC	0xA122    	AJMP L_display_exibir_decimal17
L_display_exibir_decimal18:
;display7.c,204 :: 		display_limpar();
0x05CE	0x9141    	ACALL _display_limpar
;display7.c,205 :: 		}
0x05D0	0x22      	RET
; end of _display_exibir_decimal
_main:
0x05D1	0x758144  	MOV SP, #68
0x05D4	0x120625  	LCALL 1573
;display-8051.c,21 :: 		void main(void) {
;display-8051.c,25 :: 		display_inicializar();
0x05D7	0x9148    	ACALL _display_inicializar
;display-8051.c,27 :: 		while (1) {
L_main0:
;display-8051.c,35 :: 		display_exibir_decimal(12.2);
0x05D9	0x750833  	MOV FARG_display_exibir_decimal_numero, #51
0x05DC	0x750933  	MOV FARG_display_exibir_decimal_numero+1, #51
0x05DF	0x750A43  	MOV FARG_display_exibir_decimal_numero+2, #67
0x05E2	0x750B41  	MOV FARG_display_exibir_decimal_numero+3, #65
0x05E5	0x9159    	ACALL _display_exibir_decimal
;display-8051.c,36 :: 		__ms(2000);
0x05E7	0x7D0D    	MOV R5, 13
0x05E9	0x7EAB    	MOV R6, 171
0x05EB	0x7F7C    	MOV R7, 124
0x05ED	0xDFFE    	DJNZ R7, PC-2
0x05EF	0xDEFC    	DJNZ R6, PC-4
0x05F1	0xDDFA    	DJNZ R5, PC-6
;display-8051.c,37 :: 		display_exibir_decimal(1.21);
0x05F3	0x750848  	MOV FARG_display_exibir_decimal_numero, #72
0x05F6	0x7509E1  	MOV FARG_display_exibir_decimal_numero+1, #225
0x05F9	0x750A9A  	MOV FARG_display_exibir_decimal_numero+2, #154
0x05FC	0x750B3F  	MOV FARG_display_exibir_decimal_numero+3, #63
0x05FF	0x9159    	ACALL _display_exibir_decimal
;display-8051.c,38 :: 		__ms(2000);
0x0601	0x7D0D    	MOV R5, 13
0x0603	0x7EAB    	MOV R6, 171
0x0605	0x7F7C    	MOV R7, 124
0x0607	0xDFFE    	DJNZ R7, PC-2
0x0609	0xDEFC    	DJNZ R6, PC-4
0x060B	0xDDFA    	DJNZ R5, PC-6
;display-8051.c,43 :: 		}
0x060D	0x80CA    	SJMP L_main0
;display-8051.c,44 :: 		}
0x060F	0x80FE    	SJMP #254
; end of _main
0x0625	0x7830    	MOV R0, 48
0x0627	0x7914    	MOV R1, 20
0x0629	0x758211  	MOV DP0L, 17
0x062C	0x758306  	MOV DP0H, 6
0x062F	0x120451  	LCALL 1105
0x0632	0x22      	RET
;display7.c,0 :: ?ICS_segmentos
0x0611	0x3F0006 ;?ICS_segmentos+0
0x0614	0x005B00 ;?ICS_segmentos+3
0x0617	0x4F0066 ;?ICS_segmentos+6
0x061A	0x006D00 ;?ICS_segmentos+9
0x061D	0x7D0007 ;?ICS_segmentos+12
0x0620	0x007F00 ;?ICS_segmentos+15
0x0623	0x6F00 ;?ICS_segmentos+18
; end of ?ICS_segmentos
Symbol List:
//** Routines locations **
//ADDRESS    SIZE    PROCEDURE
//----------------------------------------------
0x0026     [317]    _Add_32x32_FP
0x0163      [57]    _level2Double
0x019C       [8]    _Sub_32x32_FP
0x01A4     [112]    _Compare_Double
0x0214     [144]    _display_exibir_digito
0x02A4     [335]    _Mul_32x32_FP
0x03F3      [12]    _Byte2Double
0x03FF      [66]    _Double2Ints
0x0441       [7]    _display_limpar
0x0448       [9]    _display_inicializar
0x0451       [8]    ___CC2D
0x0459     [376]    _display_exibir_decimal
0x05D1      [64]    _main
//** Variables locations ** 
//ADDRESS    SIZE    VARIABLE
//----------------------------------------------
0x0000       [1]    R0
0x0001       [1]    R1
0x0002       [1]    R2
0x0003       [1]    R3
0x0004       [1]    R4
0x0005       [1]    R5
0x0006       [1]    R6
0x0007       [1]    R7
0x0008       [4]    FARG_display_exibir_decimal_numero
0x000C       [1]    display_exibir_decimal_parte_inteira_L0
0x000D       [1]    display_exibir_decimal_casas_decimais_L0
0x000E       [1]    display_exibir_decimal_dezenas_L0
0x000F       [1]    display_exibir_decimal_unidades_L0
0x0010       [1]    display_exibir_decimal_primeira_decimal_L0
0x0011       [1]    display_exibir_decimal_segunda_decimal_L0
0x0012       [1]    display_exibir_decimal_i_L0
0x0013       [2]    FARG_display_exibir_digito_digito
0x0015       [2]    FARG_display_exibir_digito_posicao
0x0030      [20]    _segmentos
0x0081       [1]    SP
0x0082       [1]    DPL
0x0083       [1]    DPH
0x0090       [1]    P1
0x00A0       [1]    P2
0x00D0       [0]    F0_bit
0x00D0       [1]    PSW
0x00E0       [1]    ACC
0x00F0       [1]    B
//** Constants locations ** 
//ADDRESS    SIZE    CONSTANT
//----------------------------------------------
0x0611      [20]    ?ICS_segmentos
//** Label List: ** 
//----------------------------------------------
  L_main0
  L_main1
  _main
  L_display_exibir_numero0
  L_display_exibir_numero1
  L_display_exibir_numero2
  L_display_exibir_numero3
  L_display_exibir_numero4
  L_display_exibir_numero5
  L_display_exibir_digito6
  L_display_exibir_digito7
  L_display_exibir_digito8
  L_display_exibir_digito9
  L_display_exibir_digito10
  L_display_exibir_digito11
  L_display_exibir_digito12
  L_display_exibir_digito13
  L_display_exibir_decimal14
  L_display_exibir_decimal15
  L_display_exibir_decimal16
  L_display_exibir_decimal17
  L_display_exibir_decimal18
  L_display_exibir_decimal19
  L_display_exibir_decimal20
  L_display_exibir_decimal21
  L__display_exibir_numero22
  L__display_exibir_digito23
  L__display_exibir_decimal24
  _display_inicializar
  _display_limpar
  _display_exibir_numero
  _display_exibir_digito
  L__display_exibir_digito25
  L__display_exibir_digito26
  L__display_exibir_digito27
  L__display_exibir_digito28
  L__display_exibir_digito29
  _display_exibir_decimal
  L__display_exibir_decimal30
  L__display_exibir_decimal31
  L__display_exibir_decimal32
  L__display_exibir_decimal33
  __Add_32x32_FP_start
  __Add_32x32_FP_ripi_dugo
  __Add_32x32_FP_res_beskonacno
  __Add_32x32_FP_mant0
  __Add_32x32_FP_mant_ne_0
  __Add_32x32_FP_l1
  __Add_32x32_FP_l2
  __Add_32x32_FP_l3
  __Add_32x32_FP_l5
  __Add_32x32_FP_l4
  __Add_32x32_FP_l6
  __Add_32x32_FP_l7
  __Add_32x32_FP_l8
  __Add_32x32_FP_l9
  __Add_32x32_FP_l10
  __Add_32x32_FP_l11
  __Add_32x32_FP_l12
  __Add_32x32_FP_l13
  __Add_32x32_FP_l14
  __Add_32x32_FP_l15
  __Add_32x32_FP_l18
  __Add_32x32_FP_l16
  __Add_32x32_FP_l17
  __Add_32x32_FP_l19
  __Add_32x32_FP_l20
  __Add_32x32_FP_l21
  __Add_32x32_FP_l22
  __Add_32x32_FP_l23
  __Add_32x32_FP_l24
  __Mul_32x32_FP_l1
  __Mul_32x32_FP_l2
  __Mul_32x32_FP_l3
  __Mul_32x32_FP_ret
  __Mul_32x32_FP_l4
  __Mul_32x32_FP_l5
  __Mul_32x32_FP_l6
  __Mul_32x32_FP_l7
  __Mul_32x32_FP_l8
  __Mul_32x32_FP_l9
  __Mul_32x32_FP_l10
  __Mul_32x32_FP_l11
  __Mul_32x32_FP_l12
  __Mul_32x32_FP_l16
  __Mul_32x32_FP_l13
  __Mul_32x32_FP_l14
  __Mul_32x32_FP_l15
  __Mul_32x32_FP_l20
  __Mul_32x32_FP_l17
  __Mul_32x32_FP_l19
  __Mul_32x32_FP_l18
  __Mul_32x32_FP_l21
  __Mul_32x32_FP_l22
  __Mul_32x32_FP_l23
  __Mul_32x32_FP_l24
  __Mul_32x32_FP_l25
  __Mul_32x32_FP_l26
  __Div_32x32_FP_teska_prevara
  __Div_32x32_FP_l6
  __Div_32x32_FP_l7
  __Div_32x32_FP_l1
  __Div_32x32_FP_l2
  __Div_32x32_FP_l3
  __Div_32x32_FP_l4
  __Div_32x32_FP_l5
  __Div_32x32_FP_l8
  __Div_32x32_FP_l9
  __Div_32x32_FP_l10
  __Div_32x32_FP_l11
  __Div_32x32_FP_l12
  __Div_32x32_FP_l13
  __Div_32x32_FP_l20
  __Div_32x32_FP_l14
  __Div_32x32_FP_l19
  __Div_32x32_FP_l15
  __Div_32x32_FP_l16
  __Div_32x32_FP_l17
  __Div_32x32_FP_l18
  __Div_32x32_FP_l21
  __Div_32x32_FP_l22
  __Div_32x32_FP_l23
  __Double2Longword_l1
  __Double2Longword_l3
  __Double2Longword_l5
  __Double2Longword_l2
  __Double2Longword_l4
  __Byte2Double_long
  __Byte2Double_l1
  __Byte2Double_l2
  __Byte2Double_l3
  lab_cd_nnn090A
  lab_cd_090A
  lab_cd_08F4
  lab_cd_0924
  lab_cd_0923
  _Add_32x32_FP
  _Sub_32x32_FP
  _Mul_32x32_FP
  _Div_32x32_FP
  _Double2Ints
  _level2Double
  _Byte2Double
  _Int2Double
  _Word2Double
  _Long2Double
  _LongWord2Double
  _Compare_Double
  _CC2D_Loop1
  _CC2PD_Loop1
  _CC2XD_Loop1
  ___DoIFC
  ___CC2D
  ___CC2PD
  ___CC2XD
