0	1	mikroc8051.exe -MSF -DBG -pAT89S51 -ES -DL -O11111114 -fo10 -N"G:\Meu Drive\Meus Projetos\GitHub\Meus-Projetos\Biblioteca-Multiplexacao-Display-Portavel-MCU\Projetos\MCU-8051\display-mcu-AT89S51\display-8051.mcp51" -SP"C:\Users\Public\Documents\Mikroelektronika\mikroC PRO for 8051\defs\" -SP"G:\Meu Drive\Meus Projetos\GitHub\Meus-Projetos\Biblioteca-Multiplexacao-Display-Portavel-MCU\Projetos\MCU-8051\display-mcu-AT89S51\" -SP"C:\Users\Public\Documents\Mikroelektronika\mikroC PRO for 8051\Uses\ATMEL\" -SP"G:\Meu Drive\Meus Projetos\GitHub\Meus-Projetos\Biblioteca-Multiplexacao-Display-Portavel-MCU\Projetos\MCU-8051\display-mcu-AT89S52\" -IP"G:\Meu Drive\Meus Projetos\GitHub\Meus-Projetos\Biblioteca-Multiplexacao-Display-Portavel-MCU\Projetos\MCU-8051\display-mcu-AT89S52\" -IP"G:\Meu Drive\Meus Projetos\GitHub\Meus-Projetos\Biblioteca-Multiplexacao-Display-Portavel-MCU\Projetos\MCU-8051\display-mcu-AT89S51\" "display-8051.c" "display7.c" "__Lib_Math.mcl" "__Lib_MathDouble.mcl" "__Lib_System.mcl" "__Lib_Delays.mcl" "__Lib_UART_Timer1.mcl" "__Lib_CType.mcl" "__Lib_CString.mcl" "__Lib_CStdlib.mcl" "__Lib_CMath.mcl" "__Lib_Conversions.mcl" "__Lib_Sprintf.mcl" "__Lib_PrintOut.mcl" "__Lib_Sprinti.mcl" "__Lib_Sprintl.mcl" "__Lib_Time.mcl" "__Lib_Trigonometry.mcl" "__Lib_Button.mcl" "__Lib_Keypad4x4.mcl" "__Lib_Manchester.mcl" "__Lib_OneWire.mcl" "__Lib_PS2.mcl" "__Lib_Sound.mcl" "__Lib_SoftI2C.mcl" "__Lib_SoftSPI.mcl" "__Lib_SoftUART.mcl" "__Lib_GlcdFonts.mcl" "__Lib_Glcd.mcl" "__Lib_LcdConsts.mcl" "__Lib_Lcd.mcl" "__Lib_RS485.mcl" "__Lib_T6963C.mcl"	 
warning: 0	1501	Specified search path does not exist: 'G:\Meu Drive\Meus Projetos\GitHub\Meus-Projetos\Biblioteca-Multiplexacao-Display-Portavel-MCU\Projetos\MCU-8051\display-mcu-AT89S52'	 
warning: 0	1502	Specified include path does not exist: 'G:\Meu Drive\Meus Projetos\GitHub\Meus-Projetos\Biblioteca-Multiplexacao-Display-Portavel-MCU\Projetos\MCU-8051\display-mcu-AT89S52'	 
diagnostics: 0	122	Compilation Started	display7.h
diagnostics: 44	123	Compiled Successfully	display-8051.c
diagnostics: 0	122	Compilation Started	display7.h
error: 69	315	Invalid expression	display7.c
error: 67	402	; expected, but 'void' found	display7.c
error: 70	424	'}' expected ';' found	display7.c
error: 84	402	; expected, but '=' found	display7.c
error: 84	371	Specifier needed	display7.c
error: 84	396	Invalid declarator expected'(' or identifier	display7.c
error: 84	324	Undeclared identifier 'numero' in expression	display7.c
error: 85	402	; expected, but '=' found	display7.c
error: 85	371	Specifier needed	display7.c
error: 85	396	Invalid declarator expected'(' or identifier	display7.c
error: 85	324	Undeclared identifier 'numero' in expression	display7.c
error: 85	393	'' Identifier redefined	display7.c
error: 85	312	Internal error ''	display7.c
error: 0	102	Finished (with errors): 19 ago 2025, 01:34:46	display-8051.mcp51
